This file contains any messages produced by compilers while
running configure, to aid debugging if configure makes a mistake.

It was created by lttoolbox/lttoolbox.h configure 3.3.2, which was
generated by GNU Autoconf 2.69.  Invocation command line was

  $ ./configure 

## --------- ##
## Platform. ##
## --------- ##

hostname = apvb
uname -m = i686
uname -r = 3.16.0-23-generic
uname -s = Linux
uname -v = #31-Ubuntu SMP Tue Oct 21 18:00:35 UTC 2014

/usr/bin/uname -p = unknown
/bin/uname -X     = unknown

/bin/arch              = unknown
/usr/bin/arch -k       = unknown
/usr/convex/getsysinfo = unknown
/usr/bin/hostinfo      = unknown
/bin/machine           = unknown
/usr/bin/oslevel       = unknown
/bin/universe          = unknown

PATH: /usr/local/sbin
PATH: /usr/local/bin
PATH: /usr/sbin
PATH: /usr/bin
PATH: /sbin
PATH: /bin
PATH: /usr/games
PATH: /usr/local/games
PATH: /usr/local/bin


## ----------- ##
## Core tests. ##
## ----------- ##

configure:2632: checking build system type
configure:2646: result: i686-pc-linux-gnu
configure:2666: checking host system type
configure:2679: result: i686-pc-linux-gnu
configure:2699: checking target system type
configure:2712: result: i686-pc-linux-gnu
configure:2793: checking for a BSD-compatible install
configure:2861: result: /usr/bin/install -c
configure:2872: checking whether build environment is sane
configure:2927: result: yes
configure:3078: checking for a thread-safe mkdir -p
configure:3117: result: /bin/mkdir -p
configure:3124: checking for gawk
configure:3140: found /usr/bin/gawk
configure:3151: result: gawk
configure:3162: checking whether make sets $(MAKE)
configure:3184: result: yes
configure:3213: checking whether make supports nested variables
configure:3230: result: yes
configure:3351: checking Compilation architecture: PPC, i686, x86_64, Other
configure:3367: result: i686
configure:3474: checking for g++
configure:3490: found /usr/bin/g++
configure:3501: result: g++
configure:3528: checking for C++ compiler version
configure:3537: g++ --version >&5
g++ (Ubuntu 4.9.1-16ubuntu6) 4.9.1
Copyright (C) 2014 Free Software Foundation, Inc.
This is free software; see the source for copying conditions.  There is NO
warranty; not even for MERCHANTABILITY or FITNESS FOR A PARTICULAR PURPOSE.

configure:3548: $? = 0
configure:3537: g++ -v >&5
Using built-in specs.
COLLECT_GCC=g++
COLLECT_LTO_WRAPPER=/usr/lib/gcc/i686-linux-gnu/4.9/lto-wrapper
Target: i686-linux-gnu
Configured with: ../src/configure -v --with-pkgversion='Ubuntu 4.9.1-16ubuntu6' --with-bugurl=file:///usr/share/doc/gcc-4.9/README.Bugs --enable-languages=c,c++,java,go,d,fortran,objc,obj-c++ --prefix=/usr --program-suffix=-4.9 --enable-shared --enable-linker-build-id --libexecdir=/usr/lib --without-included-gettext --enable-threads=posix --with-gxx-include-dir=/usr/include/c++/4.9 --libdir=/usr/lib --enable-nls --with-sysroot=/ --enable-clocale=gnu --enable-libstdcxx-debug --enable-libstdcxx-time=yes --enable-gnu-unique-object --disable-vtable-verify --enable-plugin --with-system-zlib --disable-browser-plugin --enable-java-awt=gtk --enable-gtk-cairo --with-java-home=/usr/lib/jvm/java-1.5.0-gcj-4.9-i386/jre --enable-java-home --with-jvm-root-dir=/usr/lib/jvm/java-1.5.0-gcj-4.9-i386 --with-jvm-jar-dir=/usr/lib/jvm-exports/java-1.5.0-gcj-4.9-i386 --with-arch-directory=i386 --with-ecj-jar=/usr/share/java/eclipse-ecj.jar --enable-objc-gc --enable-targets=all --enable-multiarch --disable-werror --with-arch-32=i686 --with-multilib-list=m32,m64,mx32 --enable-multilib --with-tune=generic --enable-checking=release --build=i686-linux-gnu --host=i686-linux-gnu --target=i686-linux-gnu
Thread model: posix
gcc version 4.9.1 (Ubuntu 4.9.1-16ubuntu6) 
configure:3548: $? = 0
configure:3537: g++ -V >&5
g++: error: unrecognized command line option '-V'
g++: fatal error: no input files
compilation terminated.
configure:3548: $? = 4
configure:3537: g++ -qversion >&5
g++: error: unrecognized command line option '-qversion'
g++: fatal error: no input files
compilation terminated.
configure:3548: $? = 4
configure:3568: checking whether the C++ compiler works
configure:3590: g++ -Wall -march=i686 -O3               -fomit-frame-pointer -funroll-loops  -ansi  -ansi  conftest.cpp  >&5
configure:3594: $? = 0
configure:3642: result: yes
configure:3645: checking for C++ compiler default output file name
configure:3647: result: a.out
configure:3653: checking for suffix of executables
configure:3660: g++ -o conftest -Wall -march=i686 -O3               -fomit-frame-pointer -funroll-loops  -ansi  -ansi  conftest.cpp  >&5
configure:3664: $? = 0
configure:3686: result: 
configure:3708: checking whether we are cross compiling
configure:3716: g++ -o conftest -Wall -march=i686 -O3               -fomit-frame-pointer -funroll-loops  -ansi  -ansi  conftest.cpp  >&5
configure:3720: $? = 0
configure:3727: ./conftest
configure:3731: $? = 0
configure:3746: result: no
configure:3751: checking for suffix of object files
configure:3773: g++ -c -Wall -march=i686 -O3               -fomit-frame-pointer -funroll-loops  -ansi  -ansi conftest.cpp >&5
configure:3777: $? = 0
configure:3798: result: o
configure:3802: checking whether we are using the GNU C++ compiler
configure:3821: g++ -c -Wall -march=i686 -O3               -fomit-frame-pointer -funroll-loops  -ansi  -ansi conftest.cpp >&5
configure:3821: $? = 0
configure:3830: result: yes
configure:3839: checking whether g++ accepts -g
configure:3859: g++ -c -g  -ansi conftest.cpp >&5
configure:3859: $? = 0
configure:3900: result: yes
configure:3934: checking for style of include used by make
configure:3962: result: GNU
configure:3988: checking dependency style of g++
configure:4099: result: gcc3
configure:4160: checking how to print strings
configure:4187: result: printf
configure:4256: checking for gcc
configure:4272: found /usr/bin/gcc
configure:4283: result: gcc
configure:4512: checking for C compiler version
configure:4521: gcc --version >&5
gcc (Ubuntu 4.9.1-16ubuntu6) 4.9.1
Copyright (C) 2014 Free Software Foundation, Inc.
This is free software; see the source for copying conditions.  There is NO
warranty; not even for MERCHANTABILITY or FITNESS FOR A PARTICULAR PURPOSE.

configure:4532: $? = 0
configure:4521: gcc -v >&5
Using built-in specs.
COLLECT_GCC=gcc
COLLECT_LTO_WRAPPER=/usr/lib/gcc/i686-linux-gnu/4.9/lto-wrapper
Target: i686-linux-gnu
Configured with: ../src/configure -v --with-pkgversion='Ubuntu 4.9.1-16ubuntu6' --with-bugurl=file:///usr/share/doc/gcc-4.9/README.Bugs --enable-languages=c,c++,java,go,d,fortran,objc,obj-c++ --prefix=/usr --program-suffix=-4.9 --enable-shared --enable-linker-build-id --libexecdir=/usr/lib --without-included-gettext --enable-threads=posix --with-gxx-include-dir=/usr/include/c++/4.9 --libdir=/usr/lib --enable-nls --with-sysroot=/ --enable-clocale=gnu --enable-libstdcxx-debug --enable-libstdcxx-time=yes --enable-gnu-unique-object --disable-vtable-verify --enable-plugin --with-system-zlib --disable-browser-plugin --enable-java-awt=gtk --enable-gtk-cairo --with-java-home=/usr/lib/jvm/java-1.5.0-gcj-4.9-i386/jre --enable-java-home --with-jvm-root-dir=/usr/lib/jvm/java-1.5.0-gcj-4.9-i386 --with-jvm-jar-dir=/usr/lib/jvm-exports/java-1.5.0-gcj-4.9-i386 --with-arch-directory=i386 --with-ecj-jar=/usr/share/java/eclipse-ecj.jar --enable-objc-gc --enable-targets=all --enable-multiarch --disable-werror --with-arch-32=i686 --with-multilib-list=m32,m64,mx32 --enable-multilib --with-tune=generic --enable-checking=release --build=i686-linux-gnu --host=i686-linux-gnu --target=i686-linux-gnu
Thread model: posix
gcc version 4.9.1 (Ubuntu 4.9.1-16ubuntu6) 
configure:4532: $? = 0
configure:4521: gcc -V >&5
gcc: error: unrecognized command line option '-V'
gcc: fatal error: no input files
compilation terminated.
configure:4532: $? = 4
configure:4521: gcc -qversion >&5
gcc: error: unrecognized command line option '-qversion'
gcc: fatal error: no input files
compilation terminated.
configure:4532: $? = 4
configure:4536: checking whether we are using the GNU C compiler
configure:4555: gcc -c -Wall -march=i686 -O3 -fomit-frame-pointer -funroll-loops  -ansi  -ansi conftest.c >&5
configure:4555: $? = 0
configure:4564: result: yes
configure:4573: checking whether gcc accepts -g
configure:4593: gcc -c -g  -ansi conftest.c >&5
configure:4593: $? = 0
configure:4634: result: yes
configure:4651: checking for gcc option to accept ISO C89
configure:4714: gcc  -c -Wall -march=i686 -O3 -fomit-frame-pointer -funroll-loops  -ansi  -ansi conftest.c >&5
configure:4714: $? = 0
configure:4727: result: none needed
configure:4752: checking whether gcc understands -c and -o together
configure:4774: gcc -c conftest.c -o conftest2.o
configure:4777: $? = 0
configure:4774: gcc -c conftest.c -o conftest2.o
configure:4777: $? = 0
configure:4789: result: yes
configure:4808: checking dependency style of gcc
configure:4919: result: gcc3
configure:4934: checking for a sed that does not truncate output
configure:4998: result: /bin/sed
configure:5016: checking for grep that handles long lines and -e
configure:5074: result: /bin/grep
configure:5079: checking for egrep
configure:5141: result: /bin/grep -E
configure:5146: checking for fgrep
configure:5208: result: /bin/grep -F
configure:5243: checking for ld used by gcc
configure:5310: result: /usr/bin/ld
configure:5317: checking if the linker (/usr/bin/ld) is GNU ld
configure:5332: result: yes
configure:5344: checking for BSD- or MS-compatible name lister (nm)
configure:5393: result: /usr/bin/nm -B
configure:5523: checking the name lister (/usr/bin/nm -B) interface
configure:5530: gcc -c -Wall -march=i686 -O3 -fomit-frame-pointer -funroll-loops  -ansi  -ansi conftest.c >&5
configure:5533: /usr/bin/nm -B "conftest.o"
configure:5536: output
00000000 B some_variable
configure:5543: result: BSD nm
configure:5546: checking whether ln -s works
configure:5550: result: yes
configure:5558: checking the maximum length of command line arguments
configure:5689: result: 1572864
configure:5706: checking whether the shell understands some XSI constructs
configure:5716: result: yes
configure:5720: checking whether the shell understands "+="
configure:5726: result: yes
configure:5761: checking how to convert i686-pc-linux-gnu file names to i686-pc-linux-gnu format
configure:5801: result: func_convert_file_noop
configure:5808: checking how to convert i686-pc-linux-gnu file names to toolchain format
configure:5828: result: func_convert_file_noop
configure:5835: checking for /usr/bin/ld option to reload object files
configure:5842: result: -r
configure:5916: checking for objdump
configure:5932: found /usr/bin/objdump
configure:5943: result: objdump
configure:5975: checking how to recognize dependent libraries
configure:6173: result: pass_all
configure:6258: checking for dlltool
configure:6288: result: no
configure:6318: checking how to associate runtime and link libraries
configure:6345: result: printf %s\n
configure:6406: checking for ar
configure:6422: found /usr/bin/ar
configure:6433: result: ar
configure:6470: checking for archiver @FILE support
configure:6487: gcc -c -Wall -march=i686 -O3 -fomit-frame-pointer -funroll-loops  -ansi  -ansi conftest.c >&5
configure:6487: $? = 0
configure:6490: ar cru libconftest.a @conftest.lst >&5
configure:6493: $? = 0
configure:6498: ar cru libconftest.a @conftest.lst >&5
ar: conftest.o: No such file or directory
configure:6501: $? = 1
configure:6513: result: @
configure:6571: checking for strip
configure:6587: found /usr/bin/strip
configure:6598: result: strip
configure:6670: checking for ranlib
configure:6686: found /usr/bin/ranlib
configure:6697: result: ranlib
configure:6799: checking command to parse /usr/bin/nm -B output from gcc object
configure:6919: gcc -c -Wall -march=i686 -O3 -fomit-frame-pointer -funroll-loops  -ansi  -ansi conftest.c >&5
configure:6922: $? = 0
configure:6926: /usr/bin/nm -B conftest.o \| sed -n -e 's/^.*[ ]\([ABCDGIRSTW][ABCDGIRSTW]*\)[ ][ ]*\([_A-Za-z][_A-Za-z0-9]*\)$/\1 \2 \2/p' | sed '/ __gnu_lto/d' \> conftest.nm
configure:6929: $? = 0
configure:6995: gcc -o conftest -Wall -march=i686 -O3 -fomit-frame-pointer -funroll-loops  -ansi  -ansi  conftest.c conftstm.o >&5
configure:6998: $? = 0
configure:7036: result: ok
configure:7073: checking for sysroot
configure:7103: result: no
configure:7372: checking for mt
configure:7388: found /bin/mt
configure:7399: result: mt
configure:7422: checking if mt is a manifest tool
configure:7428: mt '-?'
configure:7436: result: no
configure:8078: checking how to run the C preprocessor
configure:8109: gcc -E  -ansi conftest.c
configure:8109: $? = 0
configure:8123: gcc -E  -ansi conftest.c
conftest.c:9:28: fatal error: ac_nonexistent.h: No such file or directory
 #include <ac_nonexistent.h>
                            ^
compilation terminated.
configure:8123: $? = 1
configure: failed program was:
| /* confdefs.h */
| #define PACKAGE_NAME "lttoolbox/lttoolbox.h"
| #define PACKAGE_TARNAME "lttoolbox-lttoolbox-h"
| #define PACKAGE_VERSION "3.3.2"
| #define PACKAGE_STRING "lttoolbox/lttoolbox.h 3.3.2"
| #define PACKAGE_BUGREPORT "sortiz@users.sourceforge.net"
| #define PACKAGE_URL ""
| /* end confdefs.h.  */
| #include <ac_nonexistent.h>
configure:8148: result: gcc -E
configure:8168: gcc -E  -ansi conftest.c
configure:8168: $? = 0
configure:8182: gcc -E  -ansi conftest.c
conftest.c:9:28: fatal error: ac_nonexistent.h: No such file or directory
 #include <ac_nonexistent.h>
                            ^
compilation terminated.
configure:8182: $? = 1
configure: failed program was:
| /* confdefs.h */
| #define PACKAGE_NAME "lttoolbox/lttoolbox.h"
| #define PACKAGE_TARNAME "lttoolbox-lttoolbox-h"
| #define PACKAGE_VERSION "3.3.2"
| #define PACKAGE_STRING "lttoolbox/lttoolbox.h 3.3.2"
| #define PACKAGE_BUGREPORT "sortiz@users.sourceforge.net"
| #define PACKAGE_URL ""
| /* end confdefs.h.  */
| #include <ac_nonexistent.h>
configure:8211: checking for ANSI C header files
configure:8231: gcc -c -Wall -march=i686 -O3 -fomit-frame-pointer -funroll-loops  -ansi  -ansi conftest.c >&5
configure:8231: $? = 0
configure:8304: gcc -o conftest -Wall -march=i686 -O3 -fomit-frame-pointer -funroll-loops  -ansi  -ansi  conftest.c  >&5
configure:8304: $? = 0
configure:8304: ./conftest
configure:8304: $? = 0
configure:8315: result: yes
configure:8328: checking for sys/types.h
configure:8328: gcc -c -Wall -march=i686 -O3 -fomit-frame-pointer -funroll-loops  -ansi  -ansi conftest.c >&5
configure:8328: $? = 0
configure:8328: result: yes
configure:8328: checking for sys/stat.h
configure:8328: gcc -c -Wall -march=i686 -O3 -fomit-frame-pointer -funroll-loops  -ansi  -ansi conftest.c >&5
configure:8328: $? = 0
configure:8328: result: yes
configure:8328: checking for stdlib.h
configure:8328: gcc -c -Wall -march=i686 -O3 -fomit-frame-pointer -funroll-loops  -ansi  -ansi conftest.c >&5
configure:8328: $? = 0
configure:8328: result: yes
configure:8328: checking for string.h
configure:8328: gcc -c -Wall -march=i686 -O3 -fomit-frame-pointer -funroll-loops  -ansi  -ansi conftest.c >&5
configure:8328: $? = 0
configure:8328: result: yes
configure:8328: checking for memory.h
configure:8328: gcc -c -Wall -march=i686 -O3 -fomit-frame-pointer -funroll-loops  -ansi  -ansi conftest.c >&5
configure:8328: $? = 0
configure:8328: result: yes
configure:8328: checking for strings.h
configure:8328: gcc -c -Wall -march=i686 -O3 -fomit-frame-pointer -funroll-loops  -ansi  -ansi conftest.c >&5
configure:8328: $? = 0
configure:8328: result: yes
configure:8328: checking for inttypes.h
configure:8328: gcc -c -Wall -march=i686 -O3 -fomit-frame-pointer -funroll-loops  -ansi  -ansi conftest.c >&5
configure:8328: $? = 0
configure:8328: result: yes
configure:8328: checking for stdint.h
configure:8328: gcc -c -Wall -march=i686 -O3 -fomit-frame-pointer -funroll-loops  -ansi  -ansi conftest.c >&5
configure:8328: $? = 0
configure:8328: result: yes
configure:8328: checking for unistd.h
configure:8328: gcc -c -Wall -march=i686 -O3 -fomit-frame-pointer -funroll-loops  -ansi  -ansi conftest.c >&5
configure:8328: $? = 0
configure:8328: result: yes
configure:8342: checking for dlfcn.h
configure:8342: gcc -c -Wall -march=i686 -O3 -fomit-frame-pointer -funroll-loops  -ansi  -ansi conftest.c >&5
configure:8342: $? = 0
configure:8342: result: yes
configure:8559: checking for objdir
configure:8574: result: .libs
configure:8841: checking if gcc supports -fno-rtti -fno-exceptions
configure:8859: gcc -c -Wall -march=i686 -O3 -fomit-frame-pointer -funroll-loops  -ansi  -ansi -fno-rtti -fno-exceptions conftest.c >&5
cc1: warning: command line option '-fno-rtti' is valid for C++/ObjC++ but not for C
configure:8863: $? = 0
configure:8876: result: no
configure:9203: checking for gcc option to produce PIC
configure:9210: result: -fPIC -DPIC
configure:9218: checking if gcc PIC flag -fPIC -DPIC works
configure:9236: gcc -c -Wall -march=i686 -O3 -fomit-frame-pointer -funroll-loops  -ansi  -ansi -fPIC -DPIC -DPIC conftest.c >&5
configure:9240: $? = 0
configure:9253: result: yes
configure:9282: checking if gcc static flag -static works
configure:9310: result: yes
configure:9325: checking if gcc supports -c -o file.o
configure:9346: gcc -c -Wall -march=i686 -O3 -fomit-frame-pointer -funroll-loops  -ansi  -ansi -o out/conftest2.o conftest.c >&5
configure:9350: $? = 0
configure:9372: result: yes
configure:9380: checking if gcc supports -c -o file.o
configure:9427: result: yes
configure:9460: checking whether the gcc linker (/usr/bin/ld) supports shared libraries
configure:10617: result: yes
configure:10654: checking whether -lc should be explicitly linked in
configure:10662: gcc -c -Wall -march=i686 -O3 -fomit-frame-pointer -funroll-loops  -ansi  -ansi conftest.c >&5
configure:10665: $? = 0
configure:10680: gcc -shared  -fPIC -DPIC conftest.o  -v -Wl,-soname -Wl,conftest -o conftest 2\>\&1 \| /bin/grep  -lc  \>/dev/null 2\>\&1
configure:10683: $? = 0
configure:10697: result: no
configure:10857: checking dynamic linker characteristics
configure:11357: gcc -o conftest -Wall -march=i686 -O3 -fomit-frame-pointer -funroll-loops  -ansi  -ansi  -Wl,-rpath -Wl,/foo conftest.c  >&5
configure:11357: $? = 0
configure:11591: result: GNU/Linux ld.so
configure:11698: checking how to hardcode library paths into programs
configure:11723: result: immediate
configure:12263: checking whether stripping libraries is possible
configure:12268: result: yes
configure:12303: checking if libtool supports shared libraries
configure:12305: result: yes
configure:12308: checking whether to build shared libraries
configure:12329: result: yes
configure:12332: checking whether to build static libraries
configure:12336: result: yes
configure:12359: checking how to run the C++ preprocessor
configure:12386: g++ -E  -ansi conftest.cpp
configure:12386: $? = 0
configure:12400: g++ -E  -ansi conftest.cpp
conftest.cpp:21:28: fatal error: ac_nonexistent.h: No such file or directory
 #include <ac_nonexistent.h>
                            ^
compilation terminated.
configure:12400: $? = 1
configure: failed program was:
| /* confdefs.h */
| #define PACKAGE_NAME "lttoolbox/lttoolbox.h"
| #define PACKAGE_TARNAME "lttoolbox-lttoolbox-h"
| #define PACKAGE_VERSION "3.3.2"
| #define PACKAGE_STRING "lttoolbox/lttoolbox.h 3.3.2"
| #define PACKAGE_BUGREPORT "sortiz@users.sourceforge.net"
| #define PACKAGE_URL ""
| #define STDC_HEADERS 1
| #define HAVE_SYS_TYPES_H 1
| #define HAVE_SYS_STAT_H 1
| #define HAVE_STDLIB_H 1
| #define HAVE_STRING_H 1
| #define HAVE_MEMORY_H 1
| #define HAVE_STRINGS_H 1
| #define HAVE_INTTYPES_H 1
| #define HAVE_STDINT_H 1
| #define HAVE_UNISTD_H 1
| #define HAVE_DLFCN_H 1
| #define LT_OBJDIR ".libs/"
| /* end confdefs.h.  */
| #include <ac_nonexistent.h>
configure:12425: result: g++ -E
configure:12445: g++ -E  -ansi conftest.cpp
configure:12445: $? = 0
configure:12459: g++ -E  -ansi conftest.cpp
conftest.cpp:21:28: fatal error: ac_nonexistent.h: No such file or directory
 #include <ac_nonexistent.h>
                            ^
compilation terminated.
configure:12459: $? = 1
configure: failed program was:
| /* confdefs.h */
| #define PACKAGE_NAME "lttoolbox/lttoolbox.h"
| #define PACKAGE_TARNAME "lttoolbox-lttoolbox-h"
| #define PACKAGE_VERSION "3.3.2"
| #define PACKAGE_STRING "lttoolbox/lttoolbox.h 3.3.2"
| #define PACKAGE_BUGREPORT "sortiz@users.sourceforge.net"
| #define PACKAGE_URL ""
| #define STDC_HEADERS 1
| #define HAVE_SYS_TYPES_H 1
| #define HAVE_SYS_STAT_H 1
| #define HAVE_STDLIB_H 1
| #define HAVE_STRING_H 1
| #define HAVE_MEMORY_H 1
| #define HAVE_STRINGS_H 1
| #define HAVE_INTTYPES_H 1
| #define HAVE_STDINT_H 1
| #define HAVE_UNISTD_H 1
| #define HAVE_DLFCN_H 1
| #define LT_OBJDIR ".libs/"
| /* end confdefs.h.  */
| #include <ac_nonexistent.h>
configure:12628: checking for ld used by g++
configure:12695: result: /usr/bin/ld
configure:12702: checking if the linker (/usr/bin/ld) is GNU ld
configure:12717: result: yes
configure:12772: checking whether the g++ linker (/usr/bin/ld) supports shared libraries
configure:13774: result: yes
configure:13810: g++ -c -Wall -march=i686 -O3               -fomit-frame-pointer -funroll-loops  -ansi  -ansi conftest.cpp >&5
configure:13813: $? = 0
configure:14333: checking for g++ option to produce PIC
configure:14340: result: -fPIC -DPIC
configure:14348: checking if g++ PIC flag -fPIC -DPIC works
configure:14366: g++ -c -Wall -march=i686 -O3               -fomit-frame-pointer -funroll-loops  -ansi  -ansi -fPIC -DPIC -DPIC conftest.cpp >&5
configure:14370: $? = 0
configure:14383: result: yes
configure:14406: checking if g++ static flag -static works
configure:14434: result: yes
configure:14446: checking if g++ supports -c -o file.o
configure:14467: g++ -c -Wall -march=i686 -O3               -fomit-frame-pointer -funroll-loops  -ansi  -ansi -o out/conftest2.o conftest.cpp >&5
configure:14471: $? = 0
configure:14493: result: yes
configure:14498: checking if g++ supports -c -o file.o
configure:14545: result: yes
configure:14575: checking whether the g++ linker (/usr/bin/ld) supports shared libraries
configure:14614: result: yes
configure:14755: checking dynamic linker characteristics
configure:15423: result: GNU/Linux ld.so
configure:15476: checking how to hardcode library paths into programs
configure:15501: result: immediate
configure:15562: checking whether build environment is sane
configure:15617: result: yes
configure:15651: checking for pkg-config
configure:15669: found /usr/bin/pkg-config
configure:15682: result: /usr/bin/pkg-config
configure:15808: checking pkg-config is at least version 0.9.0
configure:15811: result: yes
configure:15821: checking for LTTOOLBOX
configure:15828: $PKG_CONFIG --exists --print-errors "libxml-2.0 >= 2.6.17"
configure:15831: $? = 0
configure:15845: $PKG_CONFIG --exists --print-errors "libxml-2.0 >= 2.6.17"
configure:15848: $? = 0
configure:15906: result: yes
configure:15915: checking whether the compiler supports wide strings
configure:15940: g++ -c -Wall -march=i686 -O3               -fomit-frame-pointer -funroll-loops  -ansi  -ansi conftest.cpp >&5
configure:15940: $? = 0
configure:15954: result: yes
configure:15965: checking for xmlReaderForFile in -lxml2
configure:15990: g++ -o conftest -Wall -march=i686 -O3               -fomit-frame-pointer -funroll-loops  -ansi  -ansi  conftest.cpp -lxml2   >&5
configure:15990: $? = 0
configure:15999: result: yes
configure:16013: checking for ANSI C header files
configure:16117: result: yes
configure:16128: checking for stdlib.h
configure:16128: result: yes
configure:16128: checking for string.h
configure:16128: result: yes
configure:16128: checking for unistd.h
configure:16128: result: yes
configure:16128: checking stddef.h usability
configure:16128: g++ -c -Wall -march=i686 -O3               -fomit-frame-pointer -funroll-loops  -ansi  -ansi conftest.cpp >&5
configure:16128: $? = 0
configure:16128: result: yes
configure:16128: checking stddef.h presence
configure:16128: g++ -E  -ansi conftest.cpp
configure:16128: $? = 0
configure:16128: result: yes
configure:16128: checking for stddef.h
configure:16128: result: yes
configure:16140: checking for stdbool.h that conforms to C99
configure:16207: g++ -c -Wall -march=i686 -O3               -fomit-frame-pointer -funroll-loops  -ansi  -ansi conftest.cpp >&5
conftest.cpp: In function 'int main()':
conftest.cpp:76:24: warning: the address of 's' will always evaluate as 'true' [-Waddress]
              bool e = &s;
                        ^
conftest.cpp:80:23: warning: the address of 'a' will always evaluate as 'true' [-Waddress]
              return (!a + !b + !c + !d + !e + !f + !g + !h + !i + !!j + !k + !!l
                       ^
conftest.cpp:80:28: warning: the address of 'b' will always evaluate as 'true' [-Waddress]
              return (!a + !b + !c + !d + !e + !f + !g + !h + !i + !!j + !k + !!l
                            ^
conftest.cpp:80:33: warning: the address of 'c' will always evaluate as 'true' [-Waddress]
              return (!a + !b + !c + !d + !e + !f + !g + !h + !i + !!j + !k + !!l
                                 ^
conftest.cpp:80:38: warning: the address of 'd' will always evaluate as 'true' [-Waddress]
              return (!a + !b + !c + !d + !e + !f + !g + !h + !i + !!j + !k + !!l
                                      ^
conftest.cpp:80:48: warning: the address of 'f' will always evaluate as 'true' [-Waddress]
              return (!a + !b + !c + !d + !e + !f + !g + !h + !i + !!j + !k + !!l
                                                ^
conftest.cpp:80:53: warning: the address of 'g' will always evaluate as 'true' [-Waddress]
              return (!a + !b + !c + !d + !e + !f + !g + !h + !i + !!j + !k + !!l
                                                     ^
conftest.cpp:80:58: warning: the address of 'h' will always evaluate as 'true' [-Waddress]
              return (!a + !b + !c + !d + !e + !f + !g + !h + !i + !!j + !k + !!l
                                                          ^
conftest.cpp:80:63: warning: the address of 'i' will always evaluate as 'true' [-Waddress]
              return (!a + !b + !c + !d + !e + !f + !g + !h + !i + !!j + !k + !!l
                                                               ^
conftest.cpp:81:30: warning: the address of 'n' will always evaluate as 'true' [-Waddress]
                              ^
conftest.cpp:81:35: warning: the address of 'o' will always evaluate as 'true' [-Waddress]
                                   ^
conftest.cpp:81:40: warning: the address of 'p' will always evaluate as 'true' [-Waddress]
                                        ^
configure:16207: $? = 0
configure:16214: result: yes
configure:16216: checking for _Bool
configure:16216: g++ -c -Wall -march=i686 -O3               -fomit-frame-pointer -funroll-loops  -ansi  -ansi conftest.cpp >&5
conftest.cpp: In function 'int main()':
conftest.cpp:63:13: error: '_Bool' was not declared in this scope
 if (sizeof (_Bool))
             ^
configure:16216: $? = 1
configure: failed program was:
| /* confdefs.h */
| #define PACKAGE_NAME "lttoolbox/lttoolbox.h"
| #define PACKAGE_TARNAME "lttoolbox-lttoolbox-h"
| #define PACKAGE_VERSION "3.3.2"
| #define PACKAGE_STRING "lttoolbox/lttoolbox.h 3.3.2"
| #define PACKAGE_BUGREPORT "sortiz@users.sourceforge.net"
| #define PACKAGE_URL ""
| #define STDC_HEADERS 1
| #define HAVE_SYS_TYPES_H 1
| #define HAVE_SYS_STAT_H 1
| #define HAVE_STDLIB_H 1
| #define HAVE_STRING_H 1
| #define HAVE_MEMORY_H 1
| #define HAVE_STRINGS_H 1
| #define HAVE_INTTYPES_H 1
| #define HAVE_STDINT_H 1
| #define HAVE_UNISTD_H 1
| #define HAVE_DLFCN_H 1
| #define LT_OBJDIR ".libs/"
| #define HAVE_LIBXML2 1
| #define STDC_HEADERS 1
| #define HAVE_STDLIB_H 1
| #define HAVE_STRING_H 1
| #define HAVE_UNISTD_H 1
| #define HAVE_STDDEF_H 1
| /* end confdefs.h.  */
| #include <stdio.h>
| #ifdef HAVE_SYS_TYPES_H
| # include <sys/types.h>
| #endif
| #ifdef HAVE_SYS_STAT_H
| # include <sys/stat.h>
| #endif
| #ifdef STDC_HEADERS
| # include <stdlib.h>
| # include <stddef.h>
| #else
| # ifdef HAVE_STDLIB_H
| #  include <stdlib.h>
| # endif
| #endif
| #ifdef HAVE_STRING_H
| # if !defined STDC_HEADERS && defined HAVE_MEMORY_H
| #  include <memory.h>
| # endif
| # include <string.h>
| #endif
| #ifdef HAVE_STRINGS_H
| # include <strings.h>
| #endif
| #ifdef HAVE_INTTYPES_H
| # include <inttypes.h>
| #endif
| #ifdef HAVE_STDINT_H
| # include <stdint.h>
| #endif
| #ifdef HAVE_UNISTD_H
| # include <unistd.h>
| #endif
| int
| main ()
| {
| if (sizeof (_Bool))
| 	 return 0;
|   ;
|   return 0;
| }
configure:16216: result: no
configure:16233: checking for an ANSI C-conforming const
configure:16299: g++ -c -Wall -march=i686 -O3               -fomit-frame-pointer -funroll-loops  -ansi  -ansi conftest.cpp >&5
configure:16299: $? = 0
configure:16306: result: yes
configure:16314: checking for size_t
configure:16314: g++ -c -Wall -march=i686 -O3               -fomit-frame-pointer -funroll-loops  -ansi  -ansi conftest.cpp >&5
configure:16314: $? = 0
configure:16314: g++ -c -Wall -march=i686 -O3               -fomit-frame-pointer -funroll-loops  -ansi  -ansi conftest.cpp >&5
conftest.cpp: In function 'int main()':
conftest.cpp:64:20: error: expected primary-expression before ')' token
 if (sizeof ((size_t)))
                    ^
configure:16314: $? = 1
configure: failed program was:
| /* confdefs.h */
| #define PACKAGE_NAME "lttoolbox/lttoolbox.h"
| #define PACKAGE_TARNAME "lttoolbox-lttoolbox-h"
| #define PACKAGE_VERSION "3.3.2"
| #define PACKAGE_STRING "lttoolbox/lttoolbox.h 3.3.2"
| #define PACKAGE_BUGREPORT "sortiz@users.sourceforge.net"
| #define PACKAGE_URL ""
| #define STDC_HEADERS 1
| #define HAVE_SYS_TYPES_H 1
| #define HAVE_SYS_STAT_H 1
| #define HAVE_STDLIB_H 1
| #define HAVE_STRING_H 1
| #define HAVE_MEMORY_H 1
| #define HAVE_STRINGS_H 1
| #define HAVE_INTTYPES_H 1
| #define HAVE_STDINT_H 1
| #define HAVE_UNISTD_H 1
| #define HAVE_DLFCN_H 1
| #define LT_OBJDIR ".libs/"
| #define HAVE_LIBXML2 1
| #define STDC_HEADERS 1
| #define HAVE_STDLIB_H 1
| #define HAVE_STRING_H 1
| #define HAVE_UNISTD_H 1
| #define HAVE_STDDEF_H 1
| #define HAVE_STDBOOL_H 1
| /* end confdefs.h.  */
| #include <stdio.h>
| #ifdef HAVE_SYS_TYPES_H
| # include <sys/types.h>
| #endif
| #ifdef HAVE_SYS_STAT_H
| # include <sys/stat.h>
| #endif
| #ifdef STDC_HEADERS
| # include <stdlib.h>
| # include <stddef.h>
| #else
| # ifdef HAVE_STDLIB_H
| #  include <stdlib.h>
| # endif
| #endif
| #ifdef HAVE_STRING_H
| # if !defined STDC_HEADERS && defined HAVE_MEMORY_H
| #  include <memory.h>
| # endif
| # include <string.h>
| #endif
| #ifdef HAVE_STRINGS_H
| # include <strings.h>
| #endif
| #ifdef HAVE_INTTYPES_H
| # include <inttypes.h>
| #endif
| #ifdef HAVE_STDINT_H
| # include <stdint.h>
| #endif
| #ifdef HAVE_UNISTD_H
| # include <unistd.h>
| #endif
| int
| main ()
| {
| if (sizeof ((size_t)))
| 	    return 0;
|   ;
|   return 0;
| }
configure:16314: result: yes
configure:16327: checking for error_at_line
configure:16343: g++ -o conftest -Wall -march=i686 -O3               -fomit-frame-pointer -funroll-loops  -ansi  -ansi  conftest.cpp -lxml2  >&5
configure:16343: $? = 0
configure:16351: result: yes
configure:16363: checking whether fread_unlocked is declared
configure:16363: g++ -c -Wall -march=i686 -O3               -fomit-frame-pointer -funroll-loops  -ansi  -ansi conftest.cpp >&5
configure:16363: $? = 0
configure:16363: result: yes
configure:16373: checking whether fwrite_unlocked is declared
configure:16373: g++ -c -Wall -march=i686 -O3               -fomit-frame-pointer -funroll-loops  -ansi  -ansi conftest.cpp >&5
configure:16373: $? = 0
configure:16373: result: yes
configure:16383: checking whether fgetc_unlocked is declared
configure:16383: g++ -c -Wall -march=i686 -O3               -fomit-frame-pointer -funroll-loops  -ansi  -ansi conftest.cpp >&5
configure:16383: $? = 0
configure:16383: result: yes
configure:16395: checking whether fputc_unlocked is declared
configure:16395: g++ -c -Wall -march=i686 -O3               -fomit-frame-pointer -funroll-loops  -ansi  -ansi conftest.cpp >&5
configure:16395: $? = 0
configure:16395: result: yes
configure:16407: checking whether fputs_unlocked is declared
configure:16407: g++ -c -Wall -march=i686 -O3               -fomit-frame-pointer -funroll-loops  -ansi  -ansi conftest.cpp >&5
configure:16407: $? = 0
configure:16407: result: yes
configure:16417: checking whether fgetwc_unlocked is declared
configure:16417: g++ -c -Wall -march=i686 -O3               -fomit-frame-pointer -funroll-loops  -ansi  -ansi conftest.cpp >&5
conftest.cpp: In function 'int main()':
conftest.cpp:71:10: error: 'fgetwc_unlocked' was not declared in this scope
   (void) fgetwc_unlocked;
          ^
configure:16417: $? = 1
configure: failed program was:
| /* confdefs.h */
| #define PACKAGE_NAME "lttoolbox/lttoolbox.h"
| #define PACKAGE_TARNAME "lttoolbox-lttoolbox-h"
| #define PACKAGE_VERSION "3.3.2"
| #define PACKAGE_STRING "lttoolbox/lttoolbox.h 3.3.2"
| #define PACKAGE_BUGREPORT "sortiz@users.sourceforge.net"
| #define PACKAGE_URL ""
| #define STDC_HEADERS 1
| #define HAVE_SYS_TYPES_H 1
| #define HAVE_SYS_STAT_H 1
| #define HAVE_STDLIB_H 1
| #define HAVE_STRING_H 1
| #define HAVE_MEMORY_H 1
| #define HAVE_STRINGS_H 1
| #define HAVE_INTTYPES_H 1
| #define HAVE_STDINT_H 1
| #define HAVE_UNISTD_H 1
| #define HAVE_DLFCN_H 1
| #define LT_OBJDIR ".libs/"
| #define HAVE_LIBXML2 1
| #define STDC_HEADERS 1
| #define HAVE_STDLIB_H 1
| #define HAVE_STRING_H 1
| #define HAVE_UNISTD_H 1
| #define HAVE_STDDEF_H 1
| #define HAVE_STDBOOL_H 1
| #define HAVE_DECL_FREAD_UNLOCKED 1
| #define HAVE_DECL_FWRITE_UNLOCKED 1
| #define HAVE_DECL_FGETC_UNLOCKED 1
| #define HAVE_DECL_FPUTC_UNLOCKED 1
| #define HAVE_DECL_FPUTS_UNLOCKED 1
| /* end confdefs.h.  */
| #include <stdio.h>
| #ifdef HAVE_SYS_TYPES_H
| # include <sys/types.h>
| #endif
| #ifdef HAVE_SYS_STAT_H
| # include <sys/stat.h>
| #endif
| #ifdef STDC_HEADERS
| # include <stdlib.h>
| # include <stddef.h>
| #else
| # ifdef HAVE_STDLIB_H
| #  include <stdlib.h>
| # endif
| #endif
| #ifdef HAVE_STRING_H
| # if !defined STDC_HEADERS && defined HAVE_MEMORY_H
| #  include <memory.h>
| # endif
| # include <string.h>
| #endif
| #ifdef HAVE_STRINGS_H
| # include <strings.h>
| #endif
| #ifdef HAVE_INTTYPES_H
| # include <inttypes.h>
| #endif
| #ifdef HAVE_STDINT_H
| # include <stdint.h>
| #endif
| #ifdef HAVE_UNISTD_H
| # include <unistd.h>
| #endif
| int
| main ()
| {
| #ifndef fgetwc_unlocked
| #ifdef __cplusplus
|   (void) fgetwc_unlocked;
| #else
|   (void) fgetwc_unlocked;
| #endif
| #endif
| 
|   ;
|   return 0;
| }
configure:16417: result: no
configure:16427: checking whether fputwc_unlocked is declared
configure:16427: g++ -c -Wall -march=i686 -O3               -fomit-frame-pointer -funroll-loops  -ansi  -ansi conftest.cpp >&5
conftest.cpp: In function 'int main()':
conftest.cpp:72:10: error: 'fputwc_unlocked' was not declared in this scope
   (void) fputwc_unlocked;
          ^
configure:16427: $? = 1
configure: failed program was:
| /* confdefs.h */
| #define PACKAGE_NAME "lttoolbox/lttoolbox.h"
| #define PACKAGE_TARNAME "lttoolbox-lttoolbox-h"
| #define PACKAGE_VERSION "3.3.2"
| #define PACKAGE_STRING "lttoolbox/lttoolbox.h 3.3.2"
| #define PACKAGE_BUGREPORT "sortiz@users.sourceforge.net"
| #define PACKAGE_URL ""
| #define STDC_HEADERS 1
| #define HAVE_SYS_TYPES_H 1
| #define HAVE_SYS_STAT_H 1
| #define HAVE_STDLIB_H 1
| #define HAVE_STRING_H 1
| #define HAVE_MEMORY_H 1
| #define HAVE_STRINGS_H 1
| #define HAVE_INTTYPES_H 1
| #define HAVE_STDINT_H 1
| #define HAVE_UNISTD_H 1
| #define HAVE_DLFCN_H 1
| #define LT_OBJDIR ".libs/"
| #define HAVE_LIBXML2 1
| #define STDC_HEADERS 1
| #define HAVE_STDLIB_H 1
| #define HAVE_STRING_H 1
| #define HAVE_UNISTD_H 1
| #define HAVE_STDDEF_H 1
| #define HAVE_STDBOOL_H 1
| #define HAVE_DECL_FREAD_UNLOCKED 1
| #define HAVE_DECL_FWRITE_UNLOCKED 1
| #define HAVE_DECL_FGETC_UNLOCKED 1
| #define HAVE_DECL_FPUTC_UNLOCKED 1
| #define HAVE_DECL_FPUTS_UNLOCKED 1
| #define HAVE_DECL_FGETWC_UNLOCKED 0
| /* end confdefs.h.  */
| #include <stdio.h>
| #ifdef HAVE_SYS_TYPES_H
| # include <sys/types.h>
| #endif
| #ifdef HAVE_SYS_STAT_H
| # include <sys/stat.h>
| #endif
| #ifdef STDC_HEADERS
| # include <stdlib.h>
| # include <stddef.h>
| #else
| # ifdef HAVE_STDLIB_H
| #  include <stdlib.h>
| # endif
| #endif
| #ifdef HAVE_STRING_H
| # if !defined STDC_HEADERS && defined HAVE_MEMORY_H
| #  include <memory.h>
| # endif
| # include <string.h>
| #endif
| #ifdef HAVE_STRINGS_H
| # include <strings.h>
| #endif
| #ifdef HAVE_INTTYPES_H
| # include <inttypes.h>
| #endif
| #ifdef HAVE_STDINT_H
| # include <stdint.h>
| #endif
| #ifdef HAVE_UNISTD_H
| # include <unistd.h>
| #endif
| int
| main ()
| {
| #ifndef fputwc_unlocked
| #ifdef __cplusplus
|   (void) fputwc_unlocked;
| #else
|   (void) fputwc_unlocked;
| #endif
| #endif
| 
|   ;
|   return 0;
| }
configure:16427: result: no
configure:16437: checking whether fputws_unlocked is declared
configure:16437: g++ -c -Wall -march=i686 -O3               -fomit-frame-pointer -funroll-loops  -ansi  -ansi conftest.cpp >&5
conftest.cpp: In function 'int main()':
conftest.cpp:73:10: error: 'fputws_unlocked' was not declared in this scope
   (void) fputws_unlocked;
          ^
configure:16437: $? = 1
configure: failed program was:
| /* confdefs.h */
| #define PACKAGE_NAME "lttoolbox/lttoolbox.h"
| #define PACKAGE_TARNAME "lttoolbox-lttoolbox-h"
| #define PACKAGE_VERSION "3.3.2"
| #define PACKAGE_STRING "lttoolbox/lttoolbox.h 3.3.2"
| #define PACKAGE_BUGREPORT "sortiz@users.sourceforge.net"
| #define PACKAGE_URL ""
| #define STDC_HEADERS 1
| #define HAVE_SYS_TYPES_H 1
| #define HAVE_SYS_STAT_H 1
| #define HAVE_STDLIB_H 1
| #define HAVE_STRING_H 1
| #define HAVE_MEMORY_H 1
| #define HAVE_STRINGS_H 1
| #define HAVE_INTTYPES_H 1
| #define HAVE_STDINT_H 1
| #define HAVE_UNISTD_H 1
| #define HAVE_DLFCN_H 1
| #define LT_OBJDIR ".libs/"
| #define HAVE_LIBXML2 1
| #define STDC_HEADERS 1
| #define HAVE_STDLIB_H 1
| #define HAVE_STRING_H 1
| #define HAVE_UNISTD_H 1
| #define HAVE_STDDEF_H 1
| #define HAVE_STDBOOL_H 1
| #define HAVE_DECL_FREAD_UNLOCKED 1
| #define HAVE_DECL_FWRITE_UNLOCKED 1
| #define HAVE_DECL_FGETC_UNLOCKED 1
| #define HAVE_DECL_FPUTC_UNLOCKED 1
| #define HAVE_DECL_FPUTS_UNLOCKED 1
| #define HAVE_DECL_FGETWC_UNLOCKED 0
| #define HAVE_DECL_FPUTWC_UNLOCKED 0
| /* end confdefs.h.  */
| #include <stdio.h>
| #ifdef HAVE_SYS_TYPES_H
| # include <sys/types.h>
| #endif
| #ifdef HAVE_SYS_STAT_H
| # include <sys/stat.h>
| #endif
| #ifdef STDC_HEADERS
| # include <stdlib.h>
| # include <stddef.h>
| #else
| # ifdef HAVE_STDLIB_H
| #  include <stdlib.h>
| # endif
| #endif
| #ifdef HAVE_STRING_H
| # if !defined STDC_HEADERS && defined HAVE_MEMORY_H
| #  include <memory.h>
| # endif
| # include <string.h>
| #endif
| #ifdef HAVE_STRINGS_H
| # include <strings.h>
| #endif
| #ifdef HAVE_INTTYPES_H
| # include <inttypes.h>
| #endif
| #ifdef HAVE_STDINT_H
| # include <stdint.h>
| #endif
| #ifdef HAVE_UNISTD_H
| # include <unistd.h>
| #endif
| int
| main ()
| {
| #ifndef fputws_unlocked
| #ifdef __cplusplus
|   (void) fputws_unlocked;
| #else
|   (void) fputws_unlocked;
| #endif
| #endif
| 
|   ;
|   return 0;
| }
configure:16437: result: no
configure:16452: checking for setlocale
configure:16452: g++ -o conftest -Wall -march=i686 -O3               -fomit-frame-pointer -funroll-loops  -ansi  -ansi  conftest.cpp -lxml2  >&5
configure:16452: $? = 0
configure:16452: result: yes
configure:16452: checking for strdup
configure:16452: g++ -o conftest -Wall -march=i686 -O3               -fomit-frame-pointer -funroll-loops  -ansi  -ansi  conftest.cpp -lxml2  >&5
configure:16452: $? = 0
configure:16452: result: yes
configure:16452: checking for getopt_long
configure:16452: g++ -o conftest -Wall -march=i686 -O3               -fomit-frame-pointer -funroll-loops  -ansi  -ansi  conftest.cpp -lxml2  >&5
configure:16452: $? = 0
configure:16452: result: yes
configure:16506: checking for a Python interpreter with version >= 2
configure:16523: python -c import sys # split strings by '.' and convert to numeric. Append some zeros # because we need at least 4 digits for the hex conversion. # map returns an iterator in Python 3.0 and a list in 2.x minver = list(map(int, '2'.split('.'))) + [0, 0, 0] minverhex = 0 # xrange is not present in Python 3.0 and range returns an iterator for i in list(range(0, 4)): minverhex = (minverhex << 8) + minver[i] sys.exit(sys.hexversion < minverhex)
configure:16526: $? = 0
configure:16532: result: python
configure:16540: checking for python
configure:16558: found /usr/bin/python
configure:16570: result: /usr/bin/python
configure:16589: checking for python version
configure:16596: result: 2.7
configure:16608: checking for python platform
configure:16615: result: linux2
configure:16641: checking for python script directory
configure:16676: result: ${prefix}/lib/python2.7/dist-packages
configure:16685: checking for python extension module directory
configure:16720: result: ${exec_prefix}/lib/python2.7/dist-packages
configure:16845: checking that generated files are newer than configure
configure:16851: result: done
configure:16873: checking that generated files are newer than configure
configure:16879: result: done
configure:16890: creating ./config.status

## ---------------------- ##
## Running config.status. ##
## ---------------------- ##

This file was extended by lttoolbox/lttoolbox.h config.status 3.3.2, which was
generated by GNU Autoconf 2.69.  Invocation command line was

  CONFIG_FILES    = 
  CONFIG_HEADERS  = 
  CONFIG_LINKS    = 
  CONFIG_COMMANDS = 
  $ ./config.status 

on apvb

config.status:1187: creating Makefile
config.status:1187: creating lttoolbox.pc
config.status:1187: creating lttoolbox/Makefile
config.status:1187: creating lttoolbox/lttoolbox_config.h
config.status:1416: executing depfiles commands
config.status:1416: executing libtool commands

## ---------------- ##
## Cache variables. ##
## ---------------- ##

ac_cv_build=i686-pc-linux-gnu
ac_cv_c_compiler_gnu=yes
ac_cv_c_const=yes
ac_cv_cxx_compiler_gnu=yes
ac_cv_cxx_wstring=yes
ac_cv_env_CCC_set=
ac_cv_env_CCC_value=
ac_cv_env_CC_set=
ac_cv_env_CC_value=
ac_cv_env_CFLAGS_set=
ac_cv_env_CFLAGS_value=
ac_cv_env_CPPFLAGS_set=
ac_cv_env_CPPFLAGS_value=
ac_cv_env_CPP_set=
ac_cv_env_CPP_value=
ac_cv_env_CXXCPP_set=
ac_cv_env_CXXCPP_value=
ac_cv_env_CXXFLAGS_set=
ac_cv_env_CXXFLAGS_value=
ac_cv_env_CXX_set=
ac_cv_env_CXX_value=
ac_cv_env_LDFLAGS_set=
ac_cv_env_LDFLAGS_value=
ac_cv_env_LIBS_set=
ac_cv_env_LIBS_value=
ac_cv_env_LTTOOLBOX_CFLAGS_set=
ac_cv_env_LTTOOLBOX_CFLAGS_value=
ac_cv_env_LTTOOLBOX_LIBS_set=
ac_cv_env_LTTOOLBOX_LIBS_value=
ac_cv_env_PKG_CONFIG_LIBDIR_set=
ac_cv_env_PKG_CONFIG_LIBDIR_value=
ac_cv_env_PKG_CONFIG_PATH_set=set
ac_cv_env_PKG_CONFIG_PATH_value=/usr/local/lib/pkgconfig:/usr/local/share/pkgconfig:/usr/local/lib/pkgconfig
ac_cv_env_PKG_CONFIG_set=
ac_cv_env_PKG_CONFIG_value=
ac_cv_env_PYTHON_set=
ac_cv_env_PYTHON_value=
ac_cv_env_build_alias_set=
ac_cv_env_build_alias_value=
ac_cv_env_host_alias_set=
ac_cv_env_host_alias_value=
ac_cv_env_target_alias_set=
ac_cv_env_target_alias_value=
ac_cv_func_getopt_long=yes
ac_cv_func_setlocale=yes
ac_cv_func_strdup=yes
ac_cv_have_decl_fgetc_unlocked=yes
ac_cv_have_decl_fgetwc_unlocked=no
ac_cv_have_decl_fputc_unlocked=yes
ac_cv_have_decl_fputs_unlocked=yes
ac_cv_have_decl_fputwc_unlocked=no
ac_cv_have_decl_fputws_unlocked=no
ac_cv_have_decl_fread_unlocked=yes
ac_cv_have_decl_fwrite_unlocked=yes
ac_cv_header_dlfcn_h=yes
ac_cv_header_inttypes_h=yes
ac_cv_header_memory_h=yes
ac_cv_header_stdbool_h=yes
ac_cv_header_stdc=yes
ac_cv_header_stddef_h=yes
ac_cv_header_stdint_h=yes
ac_cv_header_stdlib_h=yes
ac_cv_header_string_h=yes
ac_cv_header_strings_h=yes
ac_cv_header_sys_stat_h=yes
ac_cv_header_sys_types_h=yes
ac_cv_header_unistd_h=yes
ac_cv_host=i686-pc-linux-gnu
ac_cv_lib_error_at_line=yes
ac_cv_lib_xml2_xmlReaderForFile=yes
ac_cv_objext=o
ac_cv_path_EGREP='/bin/grep -E'
ac_cv_path_FGREP='/bin/grep -F'
ac_cv_path_GREP=/bin/grep
ac_cv_path_PKG_CONFIG=/usr/bin/pkg-config
ac_cv_path_PYTHON=/usr/bin/python
ac_cv_path_SED=/bin/sed
ac_cv_path_install='/usr/bin/install -c'
ac_cv_path_mkdir=/bin/mkdir
ac_cv_prog_AWK=gawk
ac_cv_prog_CPP='gcc -E'
ac_cv_prog_CXXCPP='g++ -E'
ac_cv_prog_ac_ct_AR=ar
ac_cv_prog_ac_ct_CC=gcc
ac_cv_prog_ac_ct_CXX=g++
ac_cv_prog_ac_ct_MANIFEST_TOOL=mt
ac_cv_prog_ac_ct_OBJDUMP=objdump
ac_cv_prog_ac_ct_RANLIB=ranlib
ac_cv_prog_ac_ct_STRIP=strip
ac_cv_prog_cc_c89=
ac_cv_prog_cc_g=yes
ac_cv_prog_cxx_g=yes
ac_cv_prog_make_make_set=yes
ac_cv_target=i686-pc-linux-gnu
ac_cv_type__Bool=no
ac_cv_type_size_t=yes
am_cv_CC_dependencies_compiler_type=gcc3
am_cv_CXX_dependencies_compiler_type=gcc3
am_cv_make_support_nested_variables=yes
am_cv_pathless_PYTHON=python
am_cv_prog_cc_c_o=yes
am_cv_python_platform=linux2
am_cv_python_pyexecdir='${exec_prefix}/lib/python2.7/dist-packages'
am_cv_python_pythondir='${prefix}/lib/python2.7/dist-packages'
am_cv_python_version=2.7
lt_cv_ar_at_file=@
lt_cv_archive_cmds_need_lc=no
lt_cv_deplibs_check_method=pass_all
lt_cv_file_magic_cmd='$MAGIC_CMD'
lt_cv_file_magic_test_file=
lt_cv_ld_reload_flag=-r
lt_cv_nm_interface='BSD nm'
lt_cv_objdir=.libs
lt_cv_path_LD=/usr/bin/ld
lt_cv_path_LDCXX=/usr/bin/ld
lt_cv_path_NM='/usr/bin/nm -B'
lt_cv_path_mainfest_tool=no
lt_cv_prog_compiler_c_o=yes
lt_cv_prog_compiler_c_o_CXX=yes
lt_cv_prog_compiler_pic='-fPIC -DPIC'
lt_cv_prog_compiler_pic_CXX='-fPIC -DPIC'
lt_cv_prog_compiler_pic_works=yes
lt_cv_prog_compiler_pic_works_CXX=yes
lt_cv_prog_compiler_rtti_exceptions=no
lt_cv_prog_compiler_static_works=yes
lt_cv_prog_compiler_static_works_CXX=yes
lt_cv_prog_gnu_ld=yes
lt_cv_prog_gnu_ldcxx=yes
lt_cv_sharedlib_from_linklib_cmd='printf %s\n'
lt_cv_shlibpath_overrides_runpath=no
lt_cv_sys_global_symbol_pipe='sed -n -e '\''s/^.*[	 ]\([ABCDGIRSTW][ABCDGIRSTW]*\)[	 ][	 ]*\([_A-Za-z][_A-Za-z0-9]*\)$/\1 \2 \2/p'\'' | sed '\''/ __gnu_lto/d'\'''
lt_cv_sys_global_symbol_to_c_name_address='sed -n -e '\''s/^: \([^ ]*\)[ ]*$/  {\"\1\", (void *) 0},/p'\'' -e '\''s/^[ABCDGIRSTW]* \([^ ]*\) \([^ ]*\)$/  {"\2", (void *) \&\2},/p'\'''
lt_cv_sys_global_symbol_to_c_name_address_lib_prefix='sed -n -e '\''s/^: \([^ ]*\)[ ]*$/  {\"\1\", (void *) 0},/p'\'' -e '\''s/^[ABCDGIRSTW]* \([^ ]*\) \(lib[^ ]*\)$/  {"\2", (void *) \&\2},/p'\'' -e '\''s/^[ABCDGIRSTW]* \([^ ]*\) \([^ ]*\)$/  {"lib\2", (void *) \&\2},/p'\'''
lt_cv_sys_global_symbol_to_cdecl='sed -n -e '\''s/^T .* \(.*\)$/extern int \1();/p'\'' -e '\''s/^[ABCDGIRSTW]* .* \(.*\)$/extern char \1;/p'\'''
lt_cv_sys_max_cmd_len=1572864
lt_cv_to_host_file_cmd=func_convert_file_noop
lt_cv_to_tool_file_cmd=func_convert_file_noop
pkg_cv_LTTOOLBOX_CFLAGS='-I/usr/include/libxml2 '
pkg_cv_LTTOOLBOX_LIBS='-lxml2 '

## ----------------- ##
## Output variables. ##
## ----------------- ##

ACLOCAL='${SHELL} /home/apertium/apertium-testing/lttoolbox/missing aclocal-1.14'
AMDEPBACKSLASH='\'
AMDEP_FALSE='#'
AMDEP_TRUE=''
AMTAR='$${TAR-tar}'
AM_BACKSLASH='\'
AM_DEFAULT_V='$(AM_DEFAULT_VERBOSITY)'
AM_DEFAULT_VERBOSITY='1'
AM_V='$(V)'
AR='ar'
AUTOCONF='${SHELL} /home/apertium/apertium-testing/lttoolbox/missing autoconf'
AUTOHEADER='${SHELL} /home/apertium/apertium-testing/lttoolbox/missing autoheader'
AUTOMAKE='${SHELL} /home/apertium/apertium-testing/lttoolbox/missing automake-1.14'
AWK='gawk'
CC='gcc'
CCDEPMODE='depmode=gcc3'
CFLAGS='-Wall -march=i686 -O3 -fomit-frame-pointer -funroll-loops  -ansi'
CPP='gcc -E'
CPPFLAGS=' -ansi'
CXX='g++'
CXXCPP='g++ -E'
CXXDEPMODE='depmode=gcc3'
CXXFLAGS='-Wall -march=i686 -O3               -fomit-frame-pointer -funroll-loops  -ansi'
CYGPATH_W='echo'
DEFS='-DHAVE_CONFIG_H'
DEPDIR='.deps'
DLLTOOL='false'
DSYMUTIL=''
DUMPBIN=''
ECHO_C=''
ECHO_N='-n'
ECHO_T=''
EGREP='/bin/grep -E'
EXEEXT=''
FGREP='/bin/grep -F'
GENERIC_API_VERSION='3.3'
GENERIC_LIBRARY_NAME='lttoolbox'
GENERIC_LIBRARY_VERSION='0:0:0'
GENERIC_MAJOR_VERSION='3'
GENERIC_RELEASE='3.3'
GENERIC_VERSION='3.3.2'
GREP='/bin/grep'
INSTALL_DATA='${INSTALL} -m 644'
INSTALL_PROGRAM='${INSTALL}'
INSTALL_SCRIPT='${INSTALL}'
INSTALL_STRIP_PROGRAM='$(install_sh) -c -s'
LD='/usr/bin/ld'
LDFLAGS=''
LIBOBJS=''
LIBS='-lxml2 '
LIBTOOL='$(SHELL) $(top_builddir)/libtool'
LIPO=''
LN_S='ln -s'
LTLIBOBJS=''
LTTOOLBOX_CFLAGS='-I/usr/include/libxml2 '
LTTOOLBOX_LIBS='-lxml2 '
MAKEINFO='${SHELL} /home/apertium/apertium-testing/lttoolbox/missing makeinfo'
MANIFEST_TOOL=':'
MKDIR_P='/bin/mkdir -p'
NM='/usr/bin/nm -B'
NMEDIT=''
OBJDUMP='objdump'
OBJEXT='o'
OTOOL64=''
OTOOL=''
PACKAGE='lttoolbox'
PACKAGE_BUGREPORT='sortiz@users.sourceforge.net'
PACKAGE_NAME='lttoolbox/lttoolbox.h'
PACKAGE_STRING='lttoolbox/lttoolbox.h 3.3.2'
PACKAGE_TARNAME='lttoolbox-lttoolbox-h'
PACKAGE_URL=''
PACKAGE_VERSION='3.3.2'
PATH_SEPARATOR=':'
PKG_CONFIG='/usr/bin/pkg-config'
PKG_CONFIG_LIBDIR=''
PKG_CONFIG_PATH='/usr/local/lib/pkgconfig:/usr/local/share/pkgconfig:/usr/local/lib/pkgconfig'
PYTHON='/usr/bin/python'
PYTHON_EXEC_PREFIX='${exec_prefix}'
PYTHON_PLATFORM='linux2'
PYTHON_PREFIX='${prefix}'
PYTHON_VERSION='2.7'
RANLIB='ranlib'
SED='/bin/sed'
SET_MAKE=''
SHELL='/bin/bash'
STRIP='strip'
VERSION='3.3.2'
WINDOWS_FALSE=''
WINDOWS_TRUE='#'
ac_ct_AR='ar'
ac_ct_CC='gcc'
ac_ct_CXX='g++'
ac_ct_DUMPBIN=''
am__EXEEXT_FALSE=''
am__EXEEXT_TRUE='#'
am__fastdepCC_FALSE='#'
am__fastdepCC_TRUE=''
am__fastdepCXX_FALSE='#'
am__fastdepCXX_TRUE=''
am__include='include'
am__isrc=''
am__leading_dot='.'
am__nodep='_no'
am__quote=''
am__tar='$${TAR-tar} chof - "$$tardir"'
am__untar='$${TAR-tar} xf -'
bindir='${exec_prefix}/bin'
build='i686-pc-linux-gnu'
build_alias=''
build_cpu='i686'
build_os='linux-gnu'
build_vendor='pc'
datadir='${datarootdir}'
datarootdir='${prefix}/share'
docdir='${datarootdir}/doc/${PACKAGE_TARNAME}'
dvidir='${docdir}'
exec_prefix='${prefix}'
host='i686-pc-linux-gnu'
host_alias=''
host_cpu='i686'
host_os='linux-gnu'
host_vendor='pc'
htmldir='${docdir}'
includedir='${prefix}/include'
infodir='${datarootdir}/info'
install_sh='${SHELL} /home/apertium/apertium-testing/lttoolbox/install-sh'
libdir='${exec_prefix}/lib'
libexecdir='${exec_prefix}/libexec'
localedir='${datarootdir}/locale'
localstatedir='${prefix}/var'
mandir='${datarootdir}/man'
mkdir_p='$(MKDIR_P)'
oldincludedir='/usr/include'
pdfdir='${docdir}'
pkgpyexecdir='${pyexecdir}/lttoolbox'
pkgpythondir='${pythondir}/lttoolbox'
prefix='/usr/local'
program_transform_name='s,x,x,'
psdir='${docdir}'
pyexecdir='${exec_prefix}/lib/python2.7/dist-packages'
pythondir='${prefix}/lib/python2.7/dist-packages'
sbindir='${exec_prefix}/sbin'
sharedstatedir='${prefix}/com'
sysconfdir='${prefix}/etc'
target='i686-pc-linux-gnu'
target_alias=''
target_cpu='i686'
target_os='linux-gnu'
target_vendor='pc'

## ----------- ##
## confdefs.h. ##
## ----------- ##

/* confdefs.h */
#define PACKAGE_NAME "lttoolbox/lttoolbox.h"
#define PACKAGE_TARNAME "lttoolbox-lttoolbox-h"
#define PACKAGE_VERSION "3.3.2"
#define PACKAGE_STRING "lttoolbox/lttoolbox.h 3.3.2"
#define PACKAGE_BUGREPORT "sortiz@users.sourceforge.net"
#define PACKAGE_URL ""
#define STDC_HEADERS 1
#define HAVE_SYS_TYPES_H 1
#define HAVE_SYS_STAT_H 1
#define HAVE_STDLIB_H 1
#define HAVE_STRING_H 1
#define HAVE_MEMORY_H 1
#define HAVE_STRINGS_H 1
#define HAVE_INTTYPES_H 1
#define HAVE_STDINT_H 1
#define HAVE_UNISTD_H 1
#define HAVE_DLFCN_H 1
#define LT_OBJDIR ".libs/"
#define HAVE_LIBXML2 1
#define STDC_HEADERS 1
#define HAVE_STDLIB_H 1
#define HAVE_STRING_H 1
#define HAVE_UNISTD_H 1
#define HAVE_STDDEF_H 1
#define HAVE_STDBOOL_H 1
#define HAVE_DECL_FREAD_UNLOCKED 1
#define HAVE_DECL_FWRITE_UNLOCKED 1
#define HAVE_DECL_FGETC_UNLOCKED 1
#define HAVE_DECL_FPUTC_UNLOCKED 1
#define HAVE_DECL_FPUTS_UNLOCKED 1
#define HAVE_DECL_FGETWC_UNLOCKED 0
#define HAVE_DECL_FPUTWC_UNLOCKED 0
#define HAVE_DECL_FPUTWS_UNLOCKED 0
#define HAVE_SETLOCALE 1
#define HAVE_STRDUP 1
#define HAVE_GETOPT_LONG 1

configure: exit 0
