This file contains any messages produced by compilers while
running configure, to aid debugging if configure makes a mistake.

It was created by apertium-eng-kaz configure 0.1.0, which was
generated by GNU Autoconf 2.69.  Invocation command line was

  $ ./configure --with-lang2=/home/apertium/apertium-testing/apertium-kaz

## --------- ##
## Platform. ##
## --------- ##

hostname = apvb
uname -m = i686
uname -r = 3.16.0-23-generic
uname -s = Linux
uname -v = #31-Ubuntu SMP Tue Oct 21 18:00:35 UTC 2014

/usr/bin/uname -p = unknown
/bin/uname -X     = unknown

/bin/arch              = unknown
/usr/bin/arch -k       = unknown
/usr/convex/getsysinfo = unknown
/usr/bin/hostinfo      = unknown
/bin/machine           = unknown
/usr/bin/oslevel       = unknown
/bin/universe          = unknown

PATH: /usr/local/sbin
PATH: /usr/local/bin
PATH: /usr/sbin
PATH: /usr/bin
PATH: /sbin
PATH: /bin
PATH: /usr/games
PATH: /usr/local/games
PATH: /usr/local/bin


## ----------- ##
## Core tests. ##
## ----------- ##

configure:1815: checking for a BSD-compatible install
configure:1883: result: /usr/bin/install -c
configure:1894: checking whether build environment is sane
configure:1949: result: yes
configure:2100: checking for a thread-safe mkdir -p
configure:2139: result: /bin/mkdir -p
configure:2146: checking for gawk
configure:2162: found /usr/bin/gawk
configure:2173: result: gawk
configure:2184: checking whether make sets $(MAKE)
configure:2206: result: yes
configure:2235: checking whether make supports nested variables
configure:2252: result: yes
configure:2370: checking whether ln -s works
configure:2374: result: yes
configure:2385: checking for gawk
configure:2412: result: gawk
configure:2479: checking for pkg-config
configure:2497: found /usr/bin/pkg-config
configure:2509: result: /usr/bin/pkg-config
configure:2534: checking pkg-config is at least version 0.9.0
configure:2537: result: yes
configure:2547: checking for APERTIUM
configure:2554: $PKG_CONFIG --exists --print-errors "apertium >= 3.3.0"
configure:2557: $? = 0
configure:2571: $PKG_CONFIG --exists --print-errors "apertium >= 3.3.0"
configure:2574: $? = 0
configure:2792: result: yes
configure:2800: checking for hfst-lexc
configure:2818: found /usr/bin/hfst-lexc
configure:2831: result: /usr/bin/hfst-lexc
configure:2850: checking for hfst-twolc
configure:2868: found /usr/bin/hfst-twolc
configure:2881: result: /usr/bin/hfst-twolc
configure:2900: checking for cg-comp
configure:2918: found /usr/bin/cg-comp
configure:2931: result: /usr/bin/cg-comp
configure:2950: checking for cg-proc
configure:2968: found /usr/bin/cg-proc
configure:2981: result: /usr/bin/cg-proc
configure:3000: checking for lrx-comp
configure:3018: found /usr/bin/lrx-comp
configure:3031: result: /usr/bin/lrx-comp
configure:3050: checking for lrx-proc
configure:3068: found /usr/bin/lrx-proc
configure:3081: result: /usr/bin/lrx-proc
configure:3100: checking for gzcat
configure:3131: result: no
configure:3141: checking for zcat
configure:3159: found /bin/zcat
configure:3172: result: /bin/zcat
configure:3519: checking that generated files are newer than configure
configure:3525: result: done
configure:3533: creating ./config.status

## ---------------------- ##
## Running config.status. ##
## ---------------------- ##

This file was extended by apertium-eng-kaz config.status 0.1.0, which was
generated by GNU Autoconf 2.69.  Invocation command line was

  CONFIG_FILES    = 
  CONFIG_HEADERS  = 
  CONFIG_LINKS    = 
  CONFIG_COMMANDS = 
  $ ./config.status 

on apvb

config.status:788: creating Makefile

## ---------------- ##
## Cache variables. ##
## ---------------- ##

ac_cv_env_APERTIUM_CFLAGS_set=
ac_cv_env_APERTIUM_CFLAGS_value=
ac_cv_env_APERTIUM_KAZ_CFLAGS_set=
ac_cv_env_APERTIUM_KAZ_CFLAGS_value=
ac_cv_env_APERTIUM_KAZ_LIBS_set=
ac_cv_env_APERTIUM_KAZ_LIBS_value=
ac_cv_env_APERTIUM_LIBS_set=
ac_cv_env_APERTIUM_LIBS_value=
ac_cv_env_AP_LIB2_set=
ac_cv_env_AP_LIB2_value=
ac_cv_env_AP_SRC2_set=
ac_cv_env_AP_SRC2_value=
ac_cv_env_AP_SUBDIRS_set=
ac_cv_env_AP_SUBDIRS_value=
ac_cv_env_PKG_CONFIG_LIBDIR_set=
ac_cv_env_PKG_CONFIG_LIBDIR_value=
ac_cv_env_PKG_CONFIG_PATH_set=set
ac_cv_env_PKG_CONFIG_PATH_value=/usr/local/lib/pkgconfig:/usr/local/share/pkgconfig:/usr/local/lib/pkgconfig
ac_cv_env_PKG_CONFIG_set=
ac_cv_env_PKG_CONFIG_value=
ac_cv_env_build_alias_set=
ac_cv_env_build_alias_value=
ac_cv_env_host_alias_set=
ac_cv_env_host_alias_value=
ac_cv_env_target_alias_set=
ac_cv_env_target_alias_value=
ac_cv_path_CGCOMP=/usr/bin/cg-comp
ac_cv_path_CGPROC=/usr/bin/cg-proc
ac_cv_path_GZCAT=no
ac_cv_path_HFSTLEXC=/usr/bin/hfst-lexc
ac_cv_path_HFSTTWOLC=/usr/bin/hfst-twolc
ac_cv_path_LRXCOMP=/usr/bin/lrx-comp
ac_cv_path_LRXPROC=/usr/bin/lrx-proc
ac_cv_path_ZCAT=/bin/zcat
ac_cv_path_ac_pt_PKG_CONFIG=/usr/bin/pkg-config
ac_cv_path_install='/usr/bin/install -c'
ac_cv_path_mkdir=/bin/mkdir
ac_cv_prog_AWK=gawk
ac_cv_prog_make_make_set=yes
am_cv_make_support_nested_variables=yes
pkg_cv_APERTIUM_CFLAGS='-I/usr/local/include/apertium-3.4 -I/usr/local/lib/apertium-3.4/include -I/usr/local/include/lttoolbox-3.3 -I/usr/local/lib/lttoolbox-3.3/include -I/usr/include/libxml2 '
pkg_cv_APERTIUM_LIBS='-L/usr/local/lib -lapertium3 -llttoolbox3 -lxml2 -lpcre '

## ----------------- ##
## Output variables. ##
## ----------------- ##

ACLOCAL='${SHELL} /home/apertium/apertium-testing/apertium-eng-kaz/missing aclocal-1.14'
AMTAR='$${TAR-tar}'
AM_BACKSLASH='\'
AM_DEFAULT_V='$(AM_DEFAULT_VERBOSITY)'
AM_DEFAULT_VERBOSITY='1'
AM_V='$(V)'
APERTIUM_CFLAGS='-I/usr/local/include/apertium-3.4 -I/usr/local/lib/apertium-3.4/include -I/usr/local/include/lttoolbox-3.3 -I/usr/local/lib/lttoolbox-3.3/include -I/usr/include/libxml2 '
APERTIUM_KAZ_CFLAGS=''
APERTIUM_KAZ_LIBS=''
APERTIUM_LIBS='-L/usr/local/lib -lapertium3 -llttoolbox3 -lxml2 -lpcre '
AP_LIB2='/home/apertium/apertium-testing/apertium-kaz'
AP_SRC2='/home/apertium/apertium-testing/apertium-kaz'
AP_SUBDIRS=' /home/apertium/apertium-testing/apertium-kaz'
AUTOCONF='${SHELL} /home/apertium/apertium-testing/apertium-eng-kaz/missing autoconf'
AUTOHEADER='${SHELL} /home/apertium/apertium-testing/apertium-eng-kaz/missing autoheader'
AUTOMAKE='${SHELL} /home/apertium/apertium-testing/apertium-eng-kaz/missing automake-1.14'
AWK='gawk'
CGCOMP='/usr/bin/cg-comp'
CGPROC='/usr/bin/cg-proc'
CYGPATH_W='echo'
DEFS='-DPACKAGE_NAME=\"apertium-eng-kaz\" -DPACKAGE_TARNAME=\"apertium-eng-kaz\" -DPACKAGE_VERSION=\"0.1.0\" -DPACKAGE_STRING=\"apertium-eng-kaz\ 0.1.0\" -DPACKAGE_BUGREPORT=\"unknown@users.sourceforge.net\" -DPACKAGE_URL=\"\"'
ECHO_C=''
ECHO_N='-n'
ECHO_T=''
GZCAT='no'
HFSTLEXC='/usr/bin/hfst-lexc'
HFSTTWOLC='/usr/bin/hfst-twolc'
INSTALL_DATA='${INSTALL} -m 644'
INSTALL_PROGRAM='${INSTALL}'
INSTALL_SCRIPT='${INSTALL}'
INSTALL_STRIP_PROGRAM='$(install_sh) -c -s'
LIBOBJS=''
LIBS=''
LN_S='ln -s'
LRXCOMP='/usr/bin/lrx-comp'
LRXPROC='/usr/bin/lrx-proc'
LTLIBOBJS=''
MAKEINFO='${SHELL} /home/apertium/apertium-testing/apertium-eng-kaz/missing makeinfo'
MKDIR_P='/bin/mkdir -p'
PACKAGE='apertium-eng-kaz'
PACKAGE_BUGREPORT='unknown@users.sourceforge.net'
PACKAGE_NAME='apertium-eng-kaz'
PACKAGE_STRING='apertium-eng-kaz 0.1.0'
PACKAGE_TARNAME='apertium-eng-kaz'
PACKAGE_URL=''
PACKAGE_VERSION='0.1.0'
PATH_SEPARATOR=':'
PKG_CONFIG='/usr/bin/pkg-config'
PKG_CONFIG_LIBDIR=''
PKG_CONFIG_PATH='/usr/local/lib/pkgconfig:/usr/local/share/pkgconfig:/usr/local/lib/pkgconfig'
SET_MAKE=''
SHELL='/bin/bash'
STRIP=''
VERSION='0.1.0'
ZCAT='zcat'
am__isrc=''
am__leading_dot='.'
am__tar='$${TAR-tar} chof - "$$tardir"'
am__untar='$${TAR-tar} xf -'
bindir='${exec_prefix}/bin'
build_alias=''
datadir='${datarootdir}'
datarootdir='${prefix}/share'
docdir='${datarootdir}/doc/${PACKAGE_TARNAME}'
dvidir='${docdir}'
exec_prefix='${prefix}'
host_alias=''
htmldir='${docdir}'
includedir='${prefix}/include'
infodir='${datarootdir}/info'
install_sh='${SHELL} /home/apertium/apertium-testing/apertium-eng-kaz/install-sh'
libdir='${exec_prefix}/lib'
libexecdir='${exec_prefix}/libexec'
localedir='${datarootdir}/locale'
localstatedir='${prefix}/var'
mandir='${datarootdir}/man'
mkdir_p='$(MKDIR_P)'
oldincludedir='/usr/include'
pdfdir='${docdir}'
prefix='/usr/local'
program_transform_name='s,x,x,'
psdir='${docdir}'
sbindir='${exec_prefix}/sbin'
sharedstatedir='${prefix}/com'
sysconfdir='${prefix}/etc'
target_alias=''

## ------------------- ##
## File substitutions. ##
## ------------------- ##

ap_include='./ap_include.am'

## ----------- ##
## confdefs.h. ##
## ----------- ##

/* confdefs.h */
#define PACKAGE_NAME "apertium-eng-kaz"
#define PACKAGE_TARNAME "apertium-eng-kaz"
#define PACKAGE_VERSION "0.1.0"
#define PACKAGE_STRING "apertium-eng-kaz 0.1.0"
#define PACKAGE_BUGREPORT "unknown@users.sourceforge.net"
#define PACKAGE_URL ""

configure: exit 0
