Mon Jul 27 19:47:57 CEST 2015	318:35257	139669/145046	 ~0.96292900183390096935
Mon Jul 27 20:05:38 CEST 2015	318:35257	139669/145046	 ~0.96292900183390096935
Mon Jul 27 20:05:57 CEST 2015	318:35257	140300/145046	 ~0.96727934586269183569
Mon Jul 27 20:22:21 CEST 2015	318:35284	140447/145020	 ~0.96846641842504482140
Tue Jul 28 15:13:41 CEST 2015	318:35284	140447/145020	 ~0.96846641842504482140
Tue Jul 28 15:25:23 CEST 2015	318:35620	140420/144983	 ~0.96852734458522723354
Tue Jul 28 16:28:47 CEST 2015	318:35607	140461/144983	 ~0.96881013636081471621
Tue Jul 28 20:34:49 CEST 2015	318:35584	140570/144983	 ~0.96956194864225460916
Tue Jul 28 21:04:20 CEST 2015	318:35619	140571/144983	 ~0.96956884600263479167
Wed Jul 29 15:09:24 CEST 2015	318:35607	140607/144983	 ~0.96981715097632136181
Wed Jul 29 16:04:18 CEST 2015	318:35605	140611/144983	 ~0.96984474041784209183
Thu Jul 30 20:06:07 CEST 2015	318:35596	140654/144983	 ~0.97014132691418993951
Thu Jul 30 20:20:04 CEST 2015	318:35613	140654/144983	 ~0.97014132691418993951
Fri Jul 31 20:52:16 CEST 2015	318:35613	140661/144983	 ~0.97018960843685121704
Fri Jul 31 21:51:03 CEST 2015	318:35613	140697/144983	 ~0.97043791341053778719
Sat Aug 1 21:19:44 CEST 2015	318:35583	140756/144983	 ~0.97084485767296855493
Sat Aug 1 21:21:39 CEST 2015	318:35583	140756/144983	 ~0.97084485767296855493
Sun Aug 2 17:51:56 CEST 2015	318:35583	140756/144983	 ~0.97084485767296855493
Sun Aug 2 19:10:32 CEST 2015	318:35567	140797/144983	 ~0.97112764944855603760
Sun Aug 2 20:01:36 CEST 2015	318:35611	140797/144983	 ~0.97112764944855603760
Mon Aug 3 20:06:31 CEST 2015	318:35614	140795/144981	 ~0.97112725115704816493
Tue Aug 4 20:47:19 CEST 2015	318:35612	140814/144981	 ~0.97125830281209261903
Wed Aug 5 20:55:47 CEST 2015	318:35612	1/0	 Error 10001
Wed Aug 5 20:55:51 CEST 2015	318:35612	1/0	 Error 10001
Wed Aug 5 20:57:24 CEST 2015	318:35612	177396/183463	 ~0.96693066176831295684
Wed Aug 5 20:57:55 CEST 2015	318:35612	177340/183463	 ~0.96662542310983686084
Wed Aug 5 20:58:17 CEST 2015	318:35612	177396/183463	 ~0.96693066176831295684
Thu Aug 6 12:13:05 CEST 2015	318:35614	177396/183463	 ~0.96693066176831295684
Thu Aug 6 20:17:37 CEST 2015	318:35614	177396/183463	 ~0.96693066176831295684
Thu Aug 6 20:17:51 CEST 2015	318:35614	177478/183463	 ~0.96737761837536724026
Fri Aug 7 18:51:05 CEST 2015	318:35619	177467/183452	 ~0.96737566229858491595
Fri Aug 7 18:52:24 CEST 2015	318:35619	177488/183452	 ~0.96749013365894075835
Mon Aug 10 18:13:48 CEST 2015	318:35623	177490/183452	 ~0.96750103569326036238
Mon Aug 10 18:53:37 CEST 2015	319:35625	177559/183452	 ~0.96787715587728670170
Mon Aug 17 21:01:44 CEST 2015	319:35636	177623/183434	 ~0.96832103099752499537
Mon Aug 24 12:10:46 CEST 2015	319:35636	177623/183434	 ~0.96832103099752499537
Mon Aug 24 12:11:36 CEST 2015	319:35652	177612/183414	 ~0.96836664594850992836
Tue Aug 25 08:58:12 CEST 2015	319:35652	177697/183414	 ~0.96883007840186681497
Tue Aug 25 12:32:21 CEST 2015	319:35652	177792/183414	 ~0.96934803232032451176
Tue Aug 25 13:12:02 CEST 2015	319:35652	177806/183414	 ~0.96942436237146564602
Tue Aug 25 13:36:34 CEST 2015	319:35654	177806/183414	 ~0.96942436237146564602
Tue Aug 25 19:46:44 CEST 2015	319:35654	177971/183414	 ~0.97032396654562901414
Tue Aug 25 19:54:04 CEST 2015	319:35654	177971/183414	 ~0.97032396654562901414
Fri Aug 28 20:06:27 CEST 2015	319:35654	177971/183414	 ~0.97032396654562901414
Fri Aug 28 20:13:34 CEST 2015	319:35654	177989/183414	 ~0.97042210518281047248
Sat Aug 29 19:15:36 CEST 2015	319:35654	177989/183414	 ~0.97042210518281047248
Sat Aug 29 19:19:34 CEST 2015	319:35654	178046/183414	 ~0.97073287753388509056
Thu Sep 3 07:33:12 CEST 2015	319:35654	178046/183414	 ~0.97073287753388509056
Thu Sep 3 07:33:41 CEST 2015	319:35654	178046/183414	 ~0.97073287753388509056
Thu Sep 3 16:18:47 CEST 2015	319:35654	886984/927053	 ~0.95677809143598046714
Thu Sep 3 17:43:59 CEST 2015	319:35654	887655/927053	 ~0.95750189039893080547
Fri Sep 4 20:23:44 CEST 2015	319:35659	887655/927053	 ~0.95750189039893080547
Fri Sep 4 20:53:59 CEST 2015	319:35659	887700/927053	 ~0.95755043131298857778
Sat Sep 5 14:37:30 CEST 2015	319:35659	887875/927053	 ~0.95773920153432435902
Sun Sep 6 19:02:36 CEST 2015	319:35659	178059/183414	 ~0.97080375543851614381
Sun Sep 6 19:03:08 CEST 2015	319:35659	888084/927053	 ~0.95796464711294823489
Mon Sep 7 20:55:35 CEST 2015	319:35659	888858/927053	 ~0.95879955083474191875
Tue Sep 8 12:58:25 CEST 2015	319:35659	889754/927053	 ~0.95976605436798111866
Wed Sep 23 21:07:25 CEST 2015	319:35687	889788/927053	 ~0.95980272972526921330
Wed Sep 23 21:13:07 CEST 2015	319:36086	889788/927053	 ~0.95980272972526921330
