This file contains any messages produced by compilers while
running configure, to aid debugging if configure makes a mistake.

It was created by apertium configure 3.4.0, which was
generated by GNU Autoconf 2.69.  Invocation command line was

  $ ./configure 

## --------- ##
## Platform. ##
## --------- ##

hostname = apvb
uname -m = i686
uname -r = 3.16.0-23-generic
uname -s = Linux
uname -v = #31-Ubuntu SMP Tue Oct 21 18:00:35 UTC 2014

/usr/bin/uname -p = unknown
/bin/uname -X     = unknown

/bin/arch              = unknown
/usr/bin/arch -k       = unknown
/usr/convex/getsysinfo = unknown
/usr/bin/hostinfo      = unknown
/bin/machine           = unknown
/usr/bin/oslevel       = unknown
/bin/universe          = unknown

PATH: /usr/local/sbin
PATH: /usr/local/bin
PATH: /usr/sbin
PATH: /usr/bin
PATH: /sbin
PATH: /bin
PATH: /usr/games
PATH: /usr/local/games
PATH: /usr/local/bin


## ----------- ##
## Core tests. ##
## ----------- ##

configure:2624: checking build system type
configure:2638: result: i686-pc-linux-gnu
configure:2658: checking host system type
configure:2671: result: i686-pc-linux-gnu
configure:2691: checking target system type
configure:2704: result: i686-pc-linux-gnu
configure:2785: checking for a BSD-compatible install
configure:2853: result: /usr/bin/install -c
configure:2864: checking whether build environment is sane
configure:2919: result: yes
configure:3070: checking for a thread-safe mkdir -p
configure:3109: result: /bin/mkdir -p
configure:3116: checking for gawk
configure:3132: found /usr/bin/gawk
configure:3143: result: gawk
configure:3154: checking whether make sets $(MAKE)
configure:3176: result: yes
configure:3205: checking whether make supports nested variables
configure:3222: result: yes
configure:3342: checking Compilation architecture: PPC, i686, x86_64, Other
configure:3387: result: i686
configure:3469: checking for g++
configure:3485: found /usr/bin/g++
configure:3496: result: g++
configure:3523: checking for C++ compiler version
configure:3532: g++ --version >&5
g++ (Ubuntu 4.9.1-16ubuntu6) 4.9.1
Copyright (C) 2014 Free Software Foundation, Inc.
This is free software; see the source for copying conditions.  There is NO
warranty; not even for MERCHANTABILITY or FITNESS FOR A PARTICULAR PURPOSE.

configure:3543: $? = 0
configure:3532: g++ -v >&5
Using built-in specs.
COLLECT_GCC=g++
COLLECT_LTO_WRAPPER=/usr/lib/gcc/i686-linux-gnu/4.9/lto-wrapper
Target: i686-linux-gnu
Configured with: ../src/configure -v --with-pkgversion='Ubuntu 4.9.1-16ubuntu6' --with-bugurl=file:///usr/share/doc/gcc-4.9/README.Bugs --enable-languages=c,c++,java,go,d,fortran,objc,obj-c++ --prefix=/usr --program-suffix=-4.9 --enable-shared --enable-linker-build-id --libexecdir=/usr/lib --without-included-gettext --enable-threads=posix --with-gxx-include-dir=/usr/include/c++/4.9 --libdir=/usr/lib --enable-nls --with-sysroot=/ --enable-clocale=gnu --enable-libstdcxx-debug --enable-libstdcxx-time=yes --enable-gnu-unique-object --disable-vtable-verify --enable-plugin --with-system-zlib --disable-browser-plugin --enable-java-awt=gtk --enable-gtk-cairo --with-java-home=/usr/lib/jvm/java-1.5.0-gcj-4.9-i386/jre --enable-java-home --with-jvm-root-dir=/usr/lib/jvm/java-1.5.0-gcj-4.9-i386 --with-jvm-jar-dir=/usr/lib/jvm-exports/java-1.5.0-gcj-4.9-i386 --with-arch-directory=i386 --with-ecj-jar=/usr/share/java/eclipse-ecj.jar --enable-objc-gc --enable-targets=all --enable-multiarch --disable-werror --with-arch-32=i686 --with-multilib-list=m32,m64,mx32 --enable-multilib --with-tune=generic --enable-checking=release --build=i686-linux-gnu --host=i686-linux-gnu --target=i686-linux-gnu
Thread model: posix
gcc version 4.9.1 (Ubuntu 4.9.1-16ubuntu6) 
configure:3543: $? = 0
configure:3532: g++ -V >&5
g++: error: unrecognized command line option '-V'
g++: fatal error: no input files
compilation terminated.
configure:3543: $? = 4
configure:3532: g++ -qversion >&5
g++: error: unrecognized command line option '-qversion'
g++: fatal error: no input files
compilation terminated.
configure:3543: $? = 4
configure:3563: checking whether the C++ compiler works
configure:3585: g++  -Wall -ansi -march=i686 -O3                 -fomit-frame-pointer -funroll-loops   conftest.cpp  >&5
configure:3589: $? = 0
configure:3637: result: yes
configure:3640: checking for C++ compiler default output file name
configure:3642: result: a.out
configure:3648: checking for suffix of executables
configure:3655: g++ -o conftest  -Wall -ansi -march=i686 -O3                 -fomit-frame-pointer -funroll-loops   conftest.cpp  >&5
configure:3659: $? = 0
configure:3681: result: 
configure:3703: checking whether we are cross compiling
configure:3711: g++ -o conftest  -Wall -ansi -march=i686 -O3                 -fomit-frame-pointer -funroll-loops   conftest.cpp  >&5
configure:3715: $? = 0
configure:3722: ./conftest
configure:3726: $? = 0
configure:3741: result: no
configure:3746: checking for suffix of object files
configure:3768: g++ -c  -Wall -ansi -march=i686 -O3                 -fomit-frame-pointer -funroll-loops  conftest.cpp >&5
configure:3772: $? = 0
configure:3793: result: o
configure:3797: checking whether we are using the GNU C++ compiler
configure:3816: g++ -c  -Wall -ansi -march=i686 -O3                 -fomit-frame-pointer -funroll-loops  conftest.cpp >&5
configure:3816: $? = 0
configure:3825: result: yes
configure:3834: checking whether g++ accepts -g
configure:3854: g++ -c -g  conftest.cpp >&5
configure:3854: $? = 0
configure:3895: result: yes
configure:3929: checking for style of include used by make
configure:3957: result: GNU
configure:3983: checking dependency style of g++
configure:4094: result: gcc3
configure:4155: checking how to print strings
configure:4182: result: printf
configure:4251: checking for gcc
configure:4267: found /usr/bin/gcc
configure:4278: result: gcc
configure:4507: checking for C compiler version
configure:4516: gcc --version >&5
gcc (Ubuntu 4.9.1-16ubuntu6) 4.9.1
Copyright (C) 2014 Free Software Foundation, Inc.
This is free software; see the source for copying conditions.  There is NO
warranty; not even for MERCHANTABILITY or FITNESS FOR A PARTICULAR PURPOSE.

configure:4527: $? = 0
configure:4516: gcc -v >&5
Using built-in specs.
COLLECT_GCC=gcc
COLLECT_LTO_WRAPPER=/usr/lib/gcc/i686-linux-gnu/4.9/lto-wrapper
Target: i686-linux-gnu
Configured with: ../src/configure -v --with-pkgversion='Ubuntu 4.9.1-16ubuntu6' --with-bugurl=file:///usr/share/doc/gcc-4.9/README.Bugs --enable-languages=c,c++,java,go,d,fortran,objc,obj-c++ --prefix=/usr --program-suffix=-4.9 --enable-shared --enable-linker-build-id --libexecdir=/usr/lib --without-included-gettext --enable-threads=posix --with-gxx-include-dir=/usr/include/c++/4.9 --libdir=/usr/lib --enable-nls --with-sysroot=/ --enable-clocale=gnu --enable-libstdcxx-debug --enable-libstdcxx-time=yes --enable-gnu-unique-object --disable-vtable-verify --enable-plugin --with-system-zlib --disable-browser-plugin --enable-java-awt=gtk --enable-gtk-cairo --with-java-home=/usr/lib/jvm/java-1.5.0-gcj-4.9-i386/jre --enable-java-home --with-jvm-root-dir=/usr/lib/jvm/java-1.5.0-gcj-4.9-i386 --with-jvm-jar-dir=/usr/lib/jvm-exports/java-1.5.0-gcj-4.9-i386 --with-arch-directory=i386 --with-ecj-jar=/usr/share/java/eclipse-ecj.jar --enable-objc-gc --enable-targets=all --enable-multiarch --disable-werror --with-arch-32=i686 --with-multilib-list=m32,m64,mx32 --enable-multilib --with-tune=generic --enable-checking=release --build=i686-linux-gnu --host=i686-linux-gnu --target=i686-linux-gnu
Thread model: posix
gcc version 4.9.1 (Ubuntu 4.9.1-16ubuntu6) 
configure:4527: $? = 0
configure:4516: gcc -V >&5
gcc: error: unrecognized command line option '-V'
gcc: fatal error: no input files
compilation terminated.
configure:4527: $? = 4
configure:4516: gcc -qversion >&5
gcc: error: unrecognized command line option '-qversion'
gcc: fatal error: no input files
compilation terminated.
configure:4527: $? = 4
configure:4531: checking whether we are using the GNU C compiler
configure:4550: gcc -c  -Wall -ansi -march=i686 -O3 -fomit-frame-pointer -funroll-loops  conftest.c >&5
configure:4550: $? = 0
configure:4559: result: yes
configure:4568: checking whether gcc accepts -g
configure:4588: gcc -c -g  conftest.c >&5
configure:4588: $? = 0
configure:4629: result: yes
configure:4646: checking for gcc option to accept ISO C89
configure:4709: gcc  -c  -Wall -ansi -march=i686 -O3 -fomit-frame-pointer -funroll-loops  conftest.c >&5
configure:4709: $? = 0
configure:4722: result: none needed
configure:4747: checking whether gcc understands -c and -o together
configure:4769: gcc -c conftest.c -o conftest2.o
configure:4772: $? = 0
configure:4769: gcc -c conftest.c -o conftest2.o
configure:4772: $? = 0
configure:4784: result: yes
configure:4803: checking dependency style of gcc
configure:4914: result: gcc3
configure:4929: checking for a sed that does not truncate output
configure:4993: result: /bin/sed
configure:5011: checking for grep that handles long lines and -e
configure:5069: result: /bin/grep
configure:5074: checking for egrep
configure:5136: result: /bin/grep -E
configure:5141: checking for fgrep
configure:5203: result: /bin/grep -F
configure:5238: checking for ld used by gcc
configure:5305: result: /usr/bin/ld
configure:5312: checking if the linker (/usr/bin/ld) is GNU ld
configure:5327: result: yes
configure:5339: checking for BSD- or MS-compatible name lister (nm)
configure:5388: result: /usr/bin/nm -B
configure:5518: checking the name lister (/usr/bin/nm -B) interface
configure:5525: gcc -c  -Wall -ansi -march=i686 -O3 -fomit-frame-pointer -funroll-loops  conftest.c >&5
configure:5528: /usr/bin/nm -B "conftest.o"
configure:5531: output
00000000 B some_variable
configure:5538: result: BSD nm
configure:5541: checking whether ln -s works
configure:5545: result: yes
configure:5553: checking the maximum length of command line arguments
configure:5684: result: 1572864
configure:5701: checking whether the shell understands some XSI constructs
configure:5711: result: yes
configure:5715: checking whether the shell understands "+="
configure:5721: result: yes
configure:5756: checking how to convert i686-pc-linux-gnu file names to i686-pc-linux-gnu format
configure:5796: result: func_convert_file_noop
configure:5803: checking how to convert i686-pc-linux-gnu file names to toolchain format
configure:5823: result: func_convert_file_noop
configure:5830: checking for /usr/bin/ld option to reload object files
configure:5837: result: -r
configure:5911: checking for objdump
configure:5927: found /usr/bin/objdump
configure:5938: result: objdump
configure:5970: checking how to recognize dependent libraries
configure:6168: result: pass_all
configure:6253: checking for dlltool
configure:6283: result: no
configure:6313: checking how to associate runtime and link libraries
configure:6340: result: printf %s\n
configure:6401: checking for ar
configure:6417: found /usr/bin/ar
configure:6428: result: ar
configure:6465: checking for archiver @FILE support
configure:6482: gcc -c  -Wall -ansi -march=i686 -O3 -fomit-frame-pointer -funroll-loops  conftest.c >&5
configure:6482: $? = 0
configure:6485: ar cru libconftest.a @conftest.lst >&5
configure:6488: $? = 0
configure:6493: ar cru libconftest.a @conftest.lst >&5
ar: conftest.o: No such file or directory
configure:6496: $? = 1
configure:6508: result: @
configure:6566: checking for strip
configure:6582: found /usr/bin/strip
configure:6593: result: strip
configure:6665: checking for ranlib
configure:6681: found /usr/bin/ranlib
configure:6692: result: ranlib
configure:6794: checking command to parse /usr/bin/nm -B output from gcc object
configure:6914: gcc -c  -Wall -ansi -march=i686 -O3 -fomit-frame-pointer -funroll-loops  conftest.c >&5
configure:6917: $? = 0
configure:6921: /usr/bin/nm -B conftest.o \| sed -n -e 's/^.*[ ]\([ABCDGIRSTW][ABCDGIRSTW]*\)[ ][ ]*\([_A-Za-z][_A-Za-z0-9]*\)$/\1 \2 \2/p' | sed '/ __gnu_lto/d' \> conftest.nm
configure:6924: $? = 0
configure:6990: gcc -o conftest  -Wall -ansi -march=i686 -O3 -fomit-frame-pointer -funroll-loops   conftest.c conftstm.o >&5
configure:6993: $? = 0
configure:7031: result: ok
configure:7068: checking for sysroot
configure:7098: result: no
configure:7367: checking for mt
configure:7383: found /bin/mt
configure:7394: result: mt
configure:7417: checking if mt is a manifest tool
configure:7423: mt '-?'
configure:7431: result: no
configure:8073: checking how to run the C preprocessor
configure:8104: gcc -E  conftest.c
configure:8104: $? = 0
configure:8118: gcc -E  conftest.c
conftest.c:9:28: fatal error: ac_nonexistent.h: No such file or directory
 #include <ac_nonexistent.h>
                            ^
compilation terminated.
configure:8118: $? = 1
configure: failed program was:
| /* confdefs.h */
| #define PACKAGE_NAME "apertium"
| #define PACKAGE_TARNAME "apertium"
| #define PACKAGE_VERSION "3.4.0"
| #define PACKAGE_STRING "apertium 3.4.0"
| #define PACKAGE_BUGREPORT "sortiz@users.sourceforge.net"
| #define PACKAGE_URL ""
| /* end confdefs.h.  */
| #include <ac_nonexistent.h>
configure:8143: result: gcc -E
configure:8163: gcc -E  conftest.c
configure:8163: $? = 0
configure:8177: gcc -E  conftest.c
conftest.c:9:28: fatal error: ac_nonexistent.h: No such file or directory
 #include <ac_nonexistent.h>
                            ^
compilation terminated.
configure:8177: $? = 1
configure: failed program was:
| /* confdefs.h */
| #define PACKAGE_NAME "apertium"
| #define PACKAGE_TARNAME "apertium"
| #define PACKAGE_VERSION "3.4.0"
| #define PACKAGE_STRING "apertium 3.4.0"
| #define PACKAGE_BUGREPORT "sortiz@users.sourceforge.net"
| #define PACKAGE_URL ""
| /* end confdefs.h.  */
| #include <ac_nonexistent.h>
configure:8206: checking for ANSI C header files
configure:8226: gcc -c  -Wall -ansi -march=i686 -O3 -fomit-frame-pointer -funroll-loops  conftest.c >&5
configure:8226: $? = 0
configure:8299: gcc -o conftest  -Wall -ansi -march=i686 -O3 -fomit-frame-pointer -funroll-loops   conftest.c  >&5
configure:8299: $? = 0
configure:8299: ./conftest
configure:8299: $? = 0
configure:8310: result: yes
configure:8323: checking for sys/types.h
configure:8323: gcc -c  -Wall -ansi -march=i686 -O3 -fomit-frame-pointer -funroll-loops  conftest.c >&5
configure:8323: $? = 0
configure:8323: result: yes
configure:8323: checking for sys/stat.h
configure:8323: gcc -c  -Wall -ansi -march=i686 -O3 -fomit-frame-pointer -funroll-loops  conftest.c >&5
configure:8323: $? = 0
configure:8323: result: yes
configure:8323: checking for stdlib.h
configure:8323: gcc -c  -Wall -ansi -march=i686 -O3 -fomit-frame-pointer -funroll-loops  conftest.c >&5
configure:8323: $? = 0
configure:8323: result: yes
configure:8323: checking for string.h
configure:8323: gcc -c  -Wall -ansi -march=i686 -O3 -fomit-frame-pointer -funroll-loops  conftest.c >&5
configure:8323: $? = 0
configure:8323: result: yes
configure:8323: checking for memory.h
configure:8323: gcc -c  -Wall -ansi -march=i686 -O3 -fomit-frame-pointer -funroll-loops  conftest.c >&5
configure:8323: $? = 0
configure:8323: result: yes
configure:8323: checking for strings.h
configure:8323: gcc -c  -Wall -ansi -march=i686 -O3 -fomit-frame-pointer -funroll-loops  conftest.c >&5
configure:8323: $? = 0
configure:8323: result: yes
configure:8323: checking for inttypes.h
configure:8323: gcc -c  -Wall -ansi -march=i686 -O3 -fomit-frame-pointer -funroll-loops  conftest.c >&5
configure:8323: $? = 0
configure:8323: result: yes
configure:8323: checking for stdint.h
configure:8323: gcc -c  -Wall -ansi -march=i686 -O3 -fomit-frame-pointer -funroll-loops  conftest.c >&5
configure:8323: $? = 0
configure:8323: result: yes
configure:8323: checking for unistd.h
configure:8323: gcc -c  -Wall -ansi -march=i686 -O3 -fomit-frame-pointer -funroll-loops  conftest.c >&5
configure:8323: $? = 0
configure:8323: result: yes
configure:8337: checking for dlfcn.h
configure:8337: gcc -c  -Wall -ansi -march=i686 -O3 -fomit-frame-pointer -funroll-loops  conftest.c >&5
configure:8337: $? = 0
configure:8337: result: yes
configure:8554: checking for objdir
configure:8569: result: .libs
configure:8836: checking if gcc supports -fno-rtti -fno-exceptions
configure:8854: gcc -c  -Wall -ansi -march=i686 -O3 -fomit-frame-pointer -funroll-loops  -fno-rtti -fno-exceptions conftest.c >&5
cc1: warning: command line option '-fno-rtti' is valid for C++/ObjC++ but not for C
configure:8858: $? = 0
configure:8871: result: no
configure:9198: checking for gcc option to produce PIC
configure:9205: result: -fPIC -DPIC
configure:9213: checking if gcc PIC flag -fPIC -DPIC works
configure:9231: gcc -c  -Wall -ansi -march=i686 -O3 -fomit-frame-pointer -funroll-loops  -fPIC -DPIC -DPIC conftest.c >&5
configure:9235: $? = 0
configure:9248: result: yes
configure:9277: checking if gcc static flag -static works
configure:9305: result: yes
configure:9320: checking if gcc supports -c -o file.o
configure:9341: gcc -c  -Wall -ansi -march=i686 -O3 -fomit-frame-pointer -funroll-loops  -o out/conftest2.o conftest.c >&5
configure:9345: $? = 0
configure:9367: result: yes
configure:9375: checking if gcc supports -c -o file.o
configure:9422: result: yes
configure:9455: checking whether the gcc linker (/usr/bin/ld) supports shared libraries
configure:10612: result: yes
configure:10649: checking whether -lc should be explicitly linked in
configure:10657: gcc -c  -Wall -ansi -march=i686 -O3 -fomit-frame-pointer -funroll-loops  conftest.c >&5
configure:10660: $? = 0
configure:10675: gcc -shared  -fPIC -DPIC conftest.o  -v -Wl,-soname -Wl,conftest -o conftest 2\>\&1 \| /bin/grep  -lc  \>/dev/null 2\>\&1
configure:10678: $? = 0
configure:10692: result: no
configure:10852: checking dynamic linker characteristics
configure:11352: gcc -o conftest  -Wall -ansi -march=i686 -O3 -fomit-frame-pointer -funroll-loops   -Wl,-rpath -Wl,/foo conftest.c  >&5
configure:11352: $? = 0
configure:11586: result: GNU/Linux ld.so
configure:11693: checking how to hardcode library paths into programs
configure:11718: result: immediate
configure:12258: checking whether stripping libraries is possible
configure:12263: result: yes
configure:12298: checking if libtool supports shared libraries
configure:12300: result: yes
configure:12303: checking whether to build shared libraries
configure:12324: result: yes
configure:12327: checking whether to build static libraries
configure:12331: result: yes
configure:12354: checking how to run the C++ preprocessor
configure:12381: g++ -E  conftest.cpp
configure:12381: $? = 0
configure:12395: g++ -E  conftest.cpp
conftest.cpp:21:28: fatal error: ac_nonexistent.h: No such file or directory
 #include <ac_nonexistent.h>
                            ^
compilation terminated.
configure:12395: $? = 1
configure: failed program was:
| /* confdefs.h */
| #define PACKAGE_NAME "apertium"
| #define PACKAGE_TARNAME "apertium"
| #define PACKAGE_VERSION "3.4.0"
| #define PACKAGE_STRING "apertium 3.4.0"
| #define PACKAGE_BUGREPORT "sortiz@users.sourceforge.net"
| #define PACKAGE_URL ""
| #define STDC_HEADERS 1
| #define HAVE_SYS_TYPES_H 1
| #define HAVE_SYS_STAT_H 1
| #define HAVE_STDLIB_H 1
| #define HAVE_STRING_H 1
| #define HAVE_MEMORY_H 1
| #define HAVE_STRINGS_H 1
| #define HAVE_INTTYPES_H 1
| #define HAVE_STDINT_H 1
| #define HAVE_UNISTD_H 1
| #define HAVE_DLFCN_H 1
| #define LT_OBJDIR ".libs/"
| /* end confdefs.h.  */
| #include <ac_nonexistent.h>
configure:12420: result: g++ -E
configure:12440: g++ -E  conftest.cpp
configure:12440: $? = 0
configure:12454: g++ -E  conftest.cpp
conftest.cpp:21:28: fatal error: ac_nonexistent.h: No such file or directory
 #include <ac_nonexistent.h>
                            ^
compilation terminated.
configure:12454: $? = 1
configure: failed program was:
| /* confdefs.h */
| #define PACKAGE_NAME "apertium"
| #define PACKAGE_TARNAME "apertium"
| #define PACKAGE_VERSION "3.4.0"
| #define PACKAGE_STRING "apertium 3.4.0"
| #define PACKAGE_BUGREPORT "sortiz@users.sourceforge.net"
| #define PACKAGE_URL ""
| #define STDC_HEADERS 1
| #define HAVE_SYS_TYPES_H 1
| #define HAVE_SYS_STAT_H 1
| #define HAVE_STDLIB_H 1
| #define HAVE_STRING_H 1
| #define HAVE_MEMORY_H 1
| #define HAVE_STRINGS_H 1
| #define HAVE_INTTYPES_H 1
| #define HAVE_STDINT_H 1
| #define HAVE_UNISTD_H 1
| #define HAVE_DLFCN_H 1
| #define LT_OBJDIR ".libs/"
| /* end confdefs.h.  */
| #include <ac_nonexistent.h>
configure:12623: checking for ld used by g++
configure:12690: result: /usr/bin/ld
configure:12697: checking if the linker (/usr/bin/ld) is GNU ld
configure:12712: result: yes
configure:12767: checking whether the g++ linker (/usr/bin/ld) supports shared libraries
configure:13769: result: yes
configure:13805: g++ -c  -Wall -ansi -march=i686 -O3                 -fomit-frame-pointer -funroll-loops  conftest.cpp >&5
configure:13808: $? = 0
configure:14328: checking for g++ option to produce PIC
configure:14335: result: -fPIC -DPIC
configure:14343: checking if g++ PIC flag -fPIC -DPIC works
configure:14361: g++ -c  -Wall -ansi -march=i686 -O3                 -fomit-frame-pointer -funroll-loops  -fPIC -DPIC -DPIC conftest.cpp >&5
configure:14365: $? = 0
configure:14378: result: yes
configure:14401: checking if g++ static flag -static works
configure:14429: result: yes
configure:14441: checking if g++ supports -c -o file.o
configure:14462: g++ -c  -Wall -ansi -march=i686 -O3                 -fomit-frame-pointer -funroll-loops  -o out/conftest2.o conftest.cpp >&5
configure:14466: $? = 0
configure:14488: result: yes
configure:14493: checking if g++ supports -c -o file.o
configure:14540: result: yes
configure:14570: checking whether the g++ linker (/usr/bin/ld) supports shared libraries
configure:14609: result: yes
configure:14750: checking dynamic linker characteristics
configure:15418: result: GNU/Linux ld.so
configure:15471: checking how to hardcode library paths into programs
configure:15496: result: immediate
configure:15557: checking whether build environment is sane
configure:15612: result: yes
configure:15646: checking for xmllint
configure:15664: found /usr/bin/xmllint
configure:15677: result: /usr/bin/xmllint
configure:15696: checking for xsltproc
configure:15714: found /usr/bin/xsltproc
configure:15727: result: /usr/bin/xsltproc
configure:15746: checking for bash
configure:15777: result: /bin/bash
configure:15796: checking for flex
configure:15814: found /usr/bin/flex
configure:15827: result: /usr/bin/flex
configure:15846: checking for pkg-config
configure:15864: found /usr/bin/pkg-config
configure:15877: result: /usr/bin/pkg-config
configure:15896: checking for strcasecmp
configure:15896: g++ -o conftest  -Wall -ansi -march=i686 -O3                 -fomit-frame-pointer -funroll-loops   conftest.cpp  >&5
configure:15896: $? = 0
configure:15896: result: yes
configure:15909: checking pcreposix.h usability
configure:15909: g++ -c  -Wall -ansi -march=i686 -O3                 -fomit-frame-pointer -funroll-loops  conftest.cpp >&5
configure:15909: $? = 0
configure:15909: result: yes
configure:15909: checking pcreposix.h presence
configure:15909: g++ -E  conftest.cpp
configure:15909: $? = 0
configure:15909: result: yes
configure:15909: checking for pcreposix.h
configure:15909: result: yes
configure:15911: checking for pcre_fullinfo in -lpcre
configure:15936: g++ -o conftest  -Wall -ansi -march=i686 -O3                 -fomit-frame-pointer -funroll-loops   conftest.cpp -lpcre   >&5
configure:15936: $? = 0
configure:15945: result: yes
configure:15961: checking pcrecpp.h usability
configure:15961: g++ -c  -Wall -ansi -march=i686 -O3                 -fomit-frame-pointer -funroll-loops  conftest.cpp >&5
configure:15961: $? = 0
configure:15961: result: yes
configure:15961: checking pcrecpp.h presence
configure:15961: g++ -E  conftest.cpp
configure:15961: $? = 0
configure:15961: result: yes
configure:15961: checking for pcrecpp.h
configure:15961: result: yes
configure:15963: checking for pcre_compile in -lpcrecpp
configure:15988: g++ -o conftest  -Wall -ansi -march=i686 -O3                 -fomit-frame-pointer -funroll-loops   conftest.cpp -lpcrecpp   -lpcreposix -lpcre >&5
configure:15988: $? = 0
configure:15997: result: yes
configure:16124: checking pkg-config is at least version 0.9.0
configure:16127: result: yes
configure:16137: checking for APERTIUM
configure:16147: $PKG_CONFIG --exists --print-errors "
  lttoolbox >= 3.3.1
  libxml-2.0 >= 2.6.17
  libpcre >= 6.4"
configure:16153: $? = 0
configure:16173: $PKG_CONFIG --exists --print-errors "
  lttoolbox >= 3.3.1
  libxml-2.0 >= 2.6.17
  libpcre >= 6.4"
configure:16179: $? = 0
configure:16249: result: yes
configure:16258: checking whether the compiler supports wide strings
configure:16283: g++ -c  -Wall -ansi -march=i686 -O3                 -fomit-frame-pointer -funroll-loops  -I/usr/local/include/lttoolbox-3.3 -I/usr/local/lib/lttoolbox-3.3/include -I/usr/include/libxml2  conftest.cpp >&5
configure:16283: $? = 0
configure:16297: result: yes
configure:16300: checking whether byte ordering is bigendian
configure:16315: g++ -c  -Wall -ansi -march=i686 -O3                 -fomit-frame-pointer -funroll-loops  -I/usr/local/include/lttoolbox-3.3 -I/usr/local/lib/lttoolbox-3.3/include -I/usr/include/libxml2  conftest.cpp >&5
conftest.cpp:23:9: error: expected unqualified-id before 'not' token
         not a universal capable compiler
         ^
configure:16315: $? = 1
configure: failed program was:
| /* confdefs.h */
| #define PACKAGE_NAME "apertium"
| #define PACKAGE_TARNAME "apertium"
| #define PACKAGE_VERSION "3.4.0"
| #define PACKAGE_STRING "apertium 3.4.0"
| #define PACKAGE_BUGREPORT "sortiz@users.sourceforge.net"
| #define PACKAGE_URL ""
| #define STDC_HEADERS 1
| #define HAVE_SYS_TYPES_H 1
| #define HAVE_SYS_STAT_H 1
| #define HAVE_STDLIB_H 1
| #define HAVE_STRING_H 1
| #define HAVE_MEMORY_H 1
| #define HAVE_STRINGS_H 1
| #define HAVE_INTTYPES_H 1
| #define HAVE_STDINT_H 1
| #define HAVE_UNISTD_H 1
| #define HAVE_DLFCN_H 1
| #define LT_OBJDIR ".libs/"
| #define HAVE_STRCASECMP 1
| /* end confdefs.h.  */
| #ifndef __APPLE_CC__
| 	       not a universal capable compiler
| 	     #endif
| 	     typedef int dummy;
| 
configure:16360: g++ -c  -Wall -ansi -march=i686 -O3                 -fomit-frame-pointer -funroll-loops  -I/usr/local/include/lttoolbox-3.3 -I/usr/local/lib/lttoolbox-3.3/include -I/usr/include/libxml2  conftest.cpp >&5
configure:16360: $? = 0
configure:16378: g++ -c  -Wall -ansi -march=i686 -O3                 -fomit-frame-pointer -funroll-loops  -I/usr/local/include/lttoolbox-3.3 -I/usr/local/lib/lttoolbox-3.3/include -I/usr/include/libxml2  conftest.cpp >&5
conftest.cpp: In function 'int main()':
conftest.cpp:29:8: error: 'big' was not declared in this scope
    not big endian
        ^
configure:16378: $? = 1
configure: failed program was:
| /* confdefs.h */
| #define PACKAGE_NAME "apertium"
| #define PACKAGE_TARNAME "apertium"
| #define PACKAGE_VERSION "3.4.0"
| #define PACKAGE_STRING "apertium 3.4.0"
| #define PACKAGE_BUGREPORT "sortiz@users.sourceforge.net"
| #define PACKAGE_URL ""
| #define STDC_HEADERS 1
| #define HAVE_SYS_TYPES_H 1
| #define HAVE_SYS_STAT_H 1
| #define HAVE_STDLIB_H 1
| #define HAVE_STRING_H 1
| #define HAVE_MEMORY_H 1
| #define HAVE_STRINGS_H 1
| #define HAVE_INTTYPES_H 1
| #define HAVE_STDINT_H 1
| #define HAVE_UNISTD_H 1
| #define HAVE_DLFCN_H 1
| #define LT_OBJDIR ".libs/"
| #define HAVE_STRCASECMP 1
| /* end confdefs.h.  */
| #include <sys/types.h>
| 		#include <sys/param.h>
| 
| int
| main ()
| {
| #if BYTE_ORDER != BIG_ENDIAN
| 		 not big endian
| 		#endif
| 
|   ;
|   return 0;
| }
configure:16506: result: no
configure:16532: checking for ANSI C header files
configure:16636: result: yes
configure:16647: checking for stdlib.h
configure:16647: result: yes
configure:16647: checking for string.h
configure:16647: result: yes
configure:16647: checking for unistd.h
configure:16647: result: yes
configure:16647: checking stddef.h usability
configure:16647: g++ -c  -Wall -ansi -march=i686 -O3                 -fomit-frame-pointer -funroll-loops  -I/usr/local/include/lttoolbox-3.3 -I/usr/local/lib/lttoolbox-3.3/include -I/usr/include/libxml2  conftest.cpp >&5
configure:16647: $? = 0
configure:16647: result: yes
configure:16647: checking stddef.h presence
configure:16647: g++ -E  -I/usr/local/include/lttoolbox-3.3 -I/usr/local/lib/lttoolbox-3.3/include -I/usr/include/libxml2  conftest.cpp
configure:16647: $? = 0
configure:16647: result: yes
configure:16647: checking for stddef.h
configure:16647: result: yes
configure:16659: checking for stdbool.h that conforms to C99
configure:16726: g++ -c  -Wall -ansi -march=i686 -O3                 -fomit-frame-pointer -funroll-loops  -I/usr/local/include/lttoolbox-3.3 -I/usr/local/lib/lttoolbox-3.3/include -I/usr/include/libxml2  conftest.cpp >&5
conftest.cpp: In function 'int main()':
conftest.cpp:76:24: warning: the address of 's' will always evaluate as 'true' [-Waddress]
              bool e = &s;
                        ^
conftest.cpp:80:23: warning: the address of 'a' will always evaluate as 'true' [-Waddress]
              return (!a + !b + !c + !d + !e + !f + !g + !h + !i + !!j + !k + !!l
                       ^
conftest.cpp:80:28: warning: the address of 'b' will always evaluate as 'true' [-Waddress]
              return (!a + !b + !c + !d + !e + !f + !g + !h + !i + !!j + !k + !!l
                            ^
conftest.cpp:80:33: warning: the address of 'c' will always evaluate as 'true' [-Waddress]
              return (!a + !b + !c + !d + !e + !f + !g + !h + !i + !!j + !k + !!l
                                 ^
conftest.cpp:80:38: warning: the address of 'd' will always evaluate as 'true' [-Waddress]
              return (!a + !b + !c + !d + !e + !f + !g + !h + !i + !!j + !k + !!l
                                      ^
conftest.cpp:80:48: warning: the address of 'f' will always evaluate as 'true' [-Waddress]
              return (!a + !b + !c + !d + !e + !f + !g + !h + !i + !!j + !k + !!l
                                                ^
conftest.cpp:80:53: warning: the address of 'g' will always evaluate as 'true' [-Waddress]
              return (!a + !b + !c + !d + !e + !f + !g + !h + !i + !!j + !k + !!l
                                                     ^
conftest.cpp:80:58: warning: the address of 'h' will always evaluate as 'true' [-Waddress]
              return (!a + !b + !c + !d + !e + !f + !g + !h + !i + !!j + !k + !!l
                                                          ^
conftest.cpp:80:63: warning: the address of 'i' will always evaluate as 'true' [-Waddress]
              return (!a + !b + !c + !d + !e + !f + !g + !h + !i + !!j + !k + !!l
                                                               ^
conftest.cpp:81:30: warning: the address of 'n' will always evaluate as 'true' [-Waddress]
                              ^
conftest.cpp:81:35: warning: the address of 'o' will always evaluate as 'true' [-Waddress]
                                   ^
conftest.cpp:81:40: warning: the address of 'p' will always evaluate as 'true' [-Waddress]
                                        ^
configure:16726: $? = 0
configure:16733: result: yes
configure:16735: checking for _Bool
configure:16735: g++ -c  -Wall -ansi -march=i686 -O3                 -fomit-frame-pointer -funroll-loops  -I/usr/local/include/lttoolbox-3.3 -I/usr/local/lib/lttoolbox-3.3/include -I/usr/include/libxml2  conftest.cpp >&5
conftest.cpp: In function 'int main()':
conftest.cpp:63:13: error: '_Bool' was not declared in this scope
 if (sizeof (_Bool))
             ^
configure:16735: $? = 1
configure: failed program was:
| /* confdefs.h */
| #define PACKAGE_NAME "apertium"
| #define PACKAGE_TARNAME "apertium"
| #define PACKAGE_VERSION "3.4.0"
| #define PACKAGE_STRING "apertium 3.4.0"
| #define PACKAGE_BUGREPORT "sortiz@users.sourceforge.net"
| #define PACKAGE_URL ""
| #define STDC_HEADERS 1
| #define HAVE_SYS_TYPES_H 1
| #define HAVE_SYS_STAT_H 1
| #define HAVE_STDLIB_H 1
| #define HAVE_STRING_H 1
| #define HAVE_MEMORY_H 1
| #define HAVE_STRINGS_H 1
| #define HAVE_INTTYPES_H 1
| #define HAVE_STDINT_H 1
| #define HAVE_UNISTD_H 1
| #define HAVE_DLFCN_H 1
| #define LT_OBJDIR ".libs/"
| #define HAVE_STRCASECMP 1
| #define STDC_HEADERS 1
| #define HAVE_STDLIB_H 1
| #define HAVE_STRING_H 1
| #define HAVE_UNISTD_H 1
| #define HAVE_STDDEF_H 1
| /* end confdefs.h.  */
| #include <stdio.h>
| #ifdef HAVE_SYS_TYPES_H
| # include <sys/types.h>
| #endif
| #ifdef HAVE_SYS_STAT_H
| # include <sys/stat.h>
| #endif
| #ifdef STDC_HEADERS
| # include <stdlib.h>
| # include <stddef.h>
| #else
| # ifdef HAVE_STDLIB_H
| #  include <stdlib.h>
| # endif
| #endif
| #ifdef HAVE_STRING_H
| # if !defined STDC_HEADERS && defined HAVE_MEMORY_H
| #  include <memory.h>
| # endif
| # include <string.h>
| #endif
| #ifdef HAVE_STRINGS_H
| # include <strings.h>
| #endif
| #ifdef HAVE_INTTYPES_H
| # include <inttypes.h>
| #endif
| #ifdef HAVE_STDINT_H
| # include <stdint.h>
| #endif
| #ifdef HAVE_UNISTD_H
| # include <unistd.h>
| #endif
| int
| main ()
| {
| if (sizeof (_Bool))
| 	 return 0;
|   ;
|   return 0;
| }
configure:16735: result: no
configure:16752: checking for an ANSI C-conforming const
configure:16818: g++ -c  -Wall -ansi -march=i686 -O3                 -fomit-frame-pointer -funroll-loops  -I/usr/local/include/lttoolbox-3.3 -I/usr/local/lib/lttoolbox-3.3/include -I/usr/include/libxml2  conftest.cpp >&5
configure:16818: $? = 0
configure:16825: result: yes
configure:16833: checking for size_t
configure:16833: g++ -c  -Wall -ansi -march=i686 -O3                 -fomit-frame-pointer -funroll-loops  -I/usr/local/include/lttoolbox-3.3 -I/usr/local/lib/lttoolbox-3.3/include -I/usr/include/libxml2  conftest.cpp >&5
configure:16833: $? = 0
configure:16833: g++ -c  -Wall -ansi -march=i686 -O3                 -fomit-frame-pointer -funroll-loops  -I/usr/local/include/lttoolbox-3.3 -I/usr/local/lib/lttoolbox-3.3/include -I/usr/include/libxml2  conftest.cpp >&5
conftest.cpp: In function 'int main()':
conftest.cpp:64:20: error: expected primary-expression before ')' token
 if (sizeof ((size_t)))
                    ^
configure:16833: $? = 1
configure: failed program was:
| /* confdefs.h */
| #define PACKAGE_NAME "apertium"
| #define PACKAGE_TARNAME "apertium"
| #define PACKAGE_VERSION "3.4.0"
| #define PACKAGE_STRING "apertium 3.4.0"
| #define PACKAGE_BUGREPORT "sortiz@users.sourceforge.net"
| #define PACKAGE_URL ""
| #define STDC_HEADERS 1
| #define HAVE_SYS_TYPES_H 1
| #define HAVE_SYS_STAT_H 1
| #define HAVE_STDLIB_H 1
| #define HAVE_STRING_H 1
| #define HAVE_MEMORY_H 1
| #define HAVE_STRINGS_H 1
| #define HAVE_INTTYPES_H 1
| #define HAVE_STDINT_H 1
| #define HAVE_UNISTD_H 1
| #define HAVE_DLFCN_H 1
| #define LT_OBJDIR ".libs/"
| #define HAVE_STRCASECMP 1
| #define STDC_HEADERS 1
| #define HAVE_STDLIB_H 1
| #define HAVE_STRING_H 1
| #define HAVE_UNISTD_H 1
| #define HAVE_STDDEF_H 1
| #define HAVE_STDBOOL_H 1
| /* end confdefs.h.  */
| #include <stdio.h>
| #ifdef HAVE_SYS_TYPES_H
| # include <sys/types.h>
| #endif
| #ifdef HAVE_SYS_STAT_H
| # include <sys/stat.h>
| #endif
| #ifdef STDC_HEADERS
| # include <stdlib.h>
| # include <stddef.h>
| #else
| # ifdef HAVE_STDLIB_H
| #  include <stdlib.h>
| # endif
| #endif
| #ifdef HAVE_STRING_H
| # if !defined STDC_HEADERS && defined HAVE_MEMORY_H
| #  include <memory.h>
| # endif
| # include <string.h>
| #endif
| #ifdef HAVE_STRINGS_H
| # include <strings.h>
| #endif
| #ifdef HAVE_INTTYPES_H
| # include <inttypes.h>
| #endif
| #ifdef HAVE_STDINT_H
| # include <stdint.h>
| #endif
| #ifdef HAVE_UNISTD_H
| # include <unistd.h>
| #endif
| int
| main ()
| {
| if (sizeof ((size_t)))
| 	    return 0;
|   ;
|   return 0;
| }
configure:16833: result: yes
configure:16846: checking for error_at_line
configure:16862: g++ -o conftest  -Wall -ansi -march=i686 -O3                 -fomit-frame-pointer -funroll-loops  -I/usr/local/include/lttoolbox-3.3 -I/usr/local/lib/lttoolbox-3.3/include -I/usr/include/libxml2   conftest.cpp  -lpcreposix -lpcre -lpcrecpp -L/usr/local/lib -llttoolbox3 -lxml2 -lpcre  >&5
configure:16862: $? = 0
configure:16870: result: yes
configure:16882: checking whether fread_unlocked is declared
configure:16882: g++ -c  -Wall -ansi -march=i686 -O3                 -fomit-frame-pointer -funroll-loops  -I/usr/local/include/lttoolbox-3.3 -I/usr/local/lib/lttoolbox-3.3/include -I/usr/include/libxml2  conftest.cpp >&5
configure:16882: $? = 0
configure:16882: result: yes
configure:16892: checking whether fwrite_unlocked is declared
configure:16892: g++ -c  -Wall -ansi -march=i686 -O3                 -fomit-frame-pointer -funroll-loops  -I/usr/local/include/lttoolbox-3.3 -I/usr/local/lib/lttoolbox-3.3/include -I/usr/include/libxml2  conftest.cpp >&5
configure:16892: $? = 0
configure:16892: result: yes
configure:16902: checking whether fgetc_unlocked is declared
configure:16902: g++ -c  -Wall -ansi -march=i686 -O3                 -fomit-frame-pointer -funroll-loops  -I/usr/local/include/lttoolbox-3.3 -I/usr/local/lib/lttoolbox-3.3/include -I/usr/include/libxml2  conftest.cpp >&5
configure:16902: $? = 0
configure:16902: result: yes
configure:16912: checking whether fputc_unlocked is declared
configure:16912: g++ -c  -Wall -ansi -march=i686 -O3                 -fomit-frame-pointer -funroll-loops  -I/usr/local/include/lttoolbox-3.3 -I/usr/local/lib/lttoolbox-3.3/include -I/usr/include/libxml2  conftest.cpp >&5
configure:16912: $? = 0
configure:16912: result: yes
configure:16922: checking whether fputs_unlocked is declared
configure:16922: g++ -c  -Wall -ansi -march=i686 -O3                 -fomit-frame-pointer -funroll-loops  -I/usr/local/include/lttoolbox-3.3 -I/usr/local/lib/lttoolbox-3.3/include -I/usr/include/libxml2  conftest.cpp >&5
configure:16922: $? = 0
configure:16922: result: yes
configure:16932: checking whether getopt_long is declared
configure:16932: g++ -c  -Wall -ansi -march=i686 -O3                 -fomit-frame-pointer -funroll-loops  -I/usr/local/include/lttoolbox-3.3 -I/usr/local/lib/lttoolbox-3.3/include -I/usr/include/libxml2  conftest.cpp >&5
conftest.cpp: In function 'int main()':
conftest.cpp:71:10: error: 'getopt_long' was not declared in this scope
   (void) getopt_long;
          ^
configure:16932: $? = 1
configure: failed program was:
| /* confdefs.h */
| #define PACKAGE_NAME "apertium"
| #define PACKAGE_TARNAME "apertium"
| #define PACKAGE_VERSION "3.4.0"
| #define PACKAGE_STRING "apertium 3.4.0"
| #define PACKAGE_BUGREPORT "sortiz@users.sourceforge.net"
| #define PACKAGE_URL ""
| #define STDC_HEADERS 1
| #define HAVE_SYS_TYPES_H 1
| #define HAVE_SYS_STAT_H 1
| #define HAVE_STDLIB_H 1
| #define HAVE_STRING_H 1
| #define HAVE_MEMORY_H 1
| #define HAVE_STRINGS_H 1
| #define HAVE_INTTYPES_H 1
| #define HAVE_STDINT_H 1
| #define HAVE_UNISTD_H 1
| #define HAVE_DLFCN_H 1
| #define LT_OBJDIR ".libs/"
| #define HAVE_STRCASECMP 1
| #define STDC_HEADERS 1
| #define HAVE_STDLIB_H 1
| #define HAVE_STRING_H 1
| #define HAVE_UNISTD_H 1
| #define HAVE_STDDEF_H 1
| #define HAVE_STDBOOL_H 1
| #define HAVE_DECL_FREAD_UNLOCKED 1
| #define HAVE_DECL_FWRITE_UNLOCKED 1
| #define HAVE_DECL_FGETC_UNLOCKED 1
| #define HAVE_DECL_FPUTC_UNLOCKED 1
| #define HAVE_DECL_FPUTS_UNLOCKED 1
| /* end confdefs.h.  */
| #include <stdio.h>
| #ifdef HAVE_SYS_TYPES_H
| # include <sys/types.h>
| #endif
| #ifdef HAVE_SYS_STAT_H
| # include <sys/stat.h>
| #endif
| #ifdef STDC_HEADERS
| # include <stdlib.h>
| # include <stddef.h>
| #else
| # ifdef HAVE_STDLIB_H
| #  include <stdlib.h>
| # endif
| #endif
| #ifdef HAVE_STRING_H
| # if !defined STDC_HEADERS && defined HAVE_MEMORY_H
| #  include <memory.h>
| # endif
| # include <string.h>
| #endif
| #ifdef HAVE_STRINGS_H
| # include <strings.h>
| #endif
| #ifdef HAVE_INTTYPES_H
| # include <inttypes.h>
| #endif
| #ifdef HAVE_STDINT_H
| # include <stdint.h>
| #endif
| #ifdef HAVE_UNISTD_H
| # include <unistd.h>
| #endif
| int
| main ()
| {
| #ifndef getopt_long
| #ifdef __cplusplus
|   (void) getopt_long;
| #else
|   (void) getopt_long;
| #endif
| #endif
| 
|   ;
|   return 0;
| }
configure:16932: result: no
configure:16942: checking whether fgetwc_unlocked is declared
configure:16942: g++ -c  -Wall -ansi -march=i686 -O3                 -fomit-frame-pointer -funroll-loops  -I/usr/local/include/lttoolbox-3.3 -I/usr/local/lib/lttoolbox-3.3/include -I/usr/include/libxml2  conftest.cpp >&5
conftest.cpp: In function 'int main()':
conftest.cpp:72:10: error: 'fgetwc_unlocked' was not declared in this scope
   (void) fgetwc_unlocked;
          ^
configure:16942: $? = 1
configure: failed program was:
| /* confdefs.h */
| #define PACKAGE_NAME "apertium"
| #define PACKAGE_TARNAME "apertium"
| #define PACKAGE_VERSION "3.4.0"
| #define PACKAGE_STRING "apertium 3.4.0"
| #define PACKAGE_BUGREPORT "sortiz@users.sourceforge.net"
| #define PACKAGE_URL ""
| #define STDC_HEADERS 1
| #define HAVE_SYS_TYPES_H 1
| #define HAVE_SYS_STAT_H 1
| #define HAVE_STDLIB_H 1
| #define HAVE_STRING_H 1
| #define HAVE_MEMORY_H 1
| #define HAVE_STRINGS_H 1
| #define HAVE_INTTYPES_H 1
| #define HAVE_STDINT_H 1
| #define HAVE_UNISTD_H 1
| #define HAVE_DLFCN_H 1
| #define LT_OBJDIR ".libs/"
| #define HAVE_STRCASECMP 1
| #define STDC_HEADERS 1
| #define HAVE_STDLIB_H 1
| #define HAVE_STRING_H 1
| #define HAVE_UNISTD_H 1
| #define HAVE_STDDEF_H 1
| #define HAVE_STDBOOL_H 1
| #define HAVE_DECL_FREAD_UNLOCKED 1
| #define HAVE_DECL_FWRITE_UNLOCKED 1
| #define HAVE_DECL_FGETC_UNLOCKED 1
| #define HAVE_DECL_FPUTC_UNLOCKED 1
| #define HAVE_DECL_FPUTS_UNLOCKED 1
| #define HAVE_DECL_GETOPT_LONG 0
| /* end confdefs.h.  */
| #include <stdio.h>
| #ifdef HAVE_SYS_TYPES_H
| # include <sys/types.h>
| #endif
| #ifdef HAVE_SYS_STAT_H
| # include <sys/stat.h>
| #endif
| #ifdef STDC_HEADERS
| # include <stdlib.h>
| # include <stddef.h>
| #else
| # ifdef HAVE_STDLIB_H
| #  include <stdlib.h>
| # endif
| #endif
| #ifdef HAVE_STRING_H
| # if !defined STDC_HEADERS && defined HAVE_MEMORY_H
| #  include <memory.h>
| # endif
| # include <string.h>
| #endif
| #ifdef HAVE_STRINGS_H
| # include <strings.h>
| #endif
| #ifdef HAVE_INTTYPES_H
| # include <inttypes.h>
| #endif
| #ifdef HAVE_STDINT_H
| # include <stdint.h>
| #endif
| #ifdef HAVE_UNISTD_H
| # include <unistd.h>
| #endif
| int
| main ()
| {
| #ifndef fgetwc_unlocked
| #ifdef __cplusplus
|   (void) fgetwc_unlocked;
| #else
|   (void) fgetwc_unlocked;
| #endif
| #endif
| 
|   ;
|   return 0;
| }
configure:16942: result: no
configure:16952: checking whether fputwc_unlocked is declared
configure:16952: g++ -c  -Wall -ansi -march=i686 -O3                 -fomit-frame-pointer -funroll-loops  -I/usr/local/include/lttoolbox-3.3 -I/usr/local/lib/lttoolbox-3.3/include -I/usr/include/libxml2  conftest.cpp >&5
conftest.cpp: In function 'int main()':
conftest.cpp:73:10: error: 'fputwc_unlocked' was not declared in this scope
   (void) fputwc_unlocked;
          ^
configure:16952: $? = 1
configure: failed program was:
| /* confdefs.h */
| #define PACKAGE_NAME "apertium"
| #define PACKAGE_TARNAME "apertium"
| #define PACKAGE_VERSION "3.4.0"
| #define PACKAGE_STRING "apertium 3.4.0"
| #define PACKAGE_BUGREPORT "sortiz@users.sourceforge.net"
| #define PACKAGE_URL ""
| #define STDC_HEADERS 1
| #define HAVE_SYS_TYPES_H 1
| #define HAVE_SYS_STAT_H 1
| #define HAVE_STDLIB_H 1
| #define HAVE_STRING_H 1
| #define HAVE_MEMORY_H 1
| #define HAVE_STRINGS_H 1
| #define HAVE_INTTYPES_H 1
| #define HAVE_STDINT_H 1
| #define HAVE_UNISTD_H 1
| #define HAVE_DLFCN_H 1
| #define LT_OBJDIR ".libs/"
| #define HAVE_STRCASECMP 1
| #define STDC_HEADERS 1
| #define HAVE_STDLIB_H 1
| #define HAVE_STRING_H 1
| #define HAVE_UNISTD_H 1
| #define HAVE_STDDEF_H 1
| #define HAVE_STDBOOL_H 1
| #define HAVE_DECL_FREAD_UNLOCKED 1
| #define HAVE_DECL_FWRITE_UNLOCKED 1
| #define HAVE_DECL_FGETC_UNLOCKED 1
| #define HAVE_DECL_FPUTC_UNLOCKED 1
| #define HAVE_DECL_FPUTS_UNLOCKED 1
| #define HAVE_DECL_GETOPT_LONG 0
| #define HAVE_DECL_FGETWC_UNLOCKED 0
| /* end confdefs.h.  */
| #include <stdio.h>
| #ifdef HAVE_SYS_TYPES_H
| # include <sys/types.h>
| #endif
| #ifdef HAVE_SYS_STAT_H
| # include <sys/stat.h>
| #endif
| #ifdef STDC_HEADERS
| # include <stdlib.h>
| # include <stddef.h>
| #else
| # ifdef HAVE_STDLIB_H
| #  include <stdlib.h>
| # endif
| #endif
| #ifdef HAVE_STRING_H
| # if !defined STDC_HEADERS && defined HAVE_MEMORY_H
| #  include <memory.h>
| # endif
| # include <string.h>
| #endif
| #ifdef HAVE_STRINGS_H
| # include <strings.h>
| #endif
| #ifdef HAVE_INTTYPES_H
| # include <inttypes.h>
| #endif
| #ifdef HAVE_STDINT_H
| # include <stdint.h>
| #endif
| #ifdef HAVE_UNISTD_H
| # include <unistd.h>
| #endif
| int
| main ()
| {
| #ifndef fputwc_unlocked
| #ifdef __cplusplus
|   (void) fputwc_unlocked;
| #else
|   (void) fputwc_unlocked;
| #endif
| #endif
| 
|   ;
|   return 0;
| }
configure:16952: result: no
configure:16962: checking whether fgetws_unlocked is declared
configure:16962: g++ -c  -Wall -ansi -march=i686 -O3                 -fomit-frame-pointer -funroll-loops  -I/usr/local/include/lttoolbox-3.3 -I/usr/local/lib/lttoolbox-3.3/include -I/usr/include/libxml2  conftest.cpp >&5
conftest.cpp: In function 'int main()':
conftest.cpp:74:10: error: 'fgetws_unlocked' was not declared in this scope
   (void) fgetws_unlocked;
          ^
configure:16962: $? = 1
configure: failed program was:
| /* confdefs.h */
| #define PACKAGE_NAME "apertium"
| #define PACKAGE_TARNAME "apertium"
| #define PACKAGE_VERSION "3.4.0"
| #define PACKAGE_STRING "apertium 3.4.0"
| #define PACKAGE_BUGREPORT "sortiz@users.sourceforge.net"
| #define PACKAGE_URL ""
| #define STDC_HEADERS 1
| #define HAVE_SYS_TYPES_H 1
| #define HAVE_SYS_STAT_H 1
| #define HAVE_STDLIB_H 1
| #define HAVE_STRING_H 1
| #define HAVE_MEMORY_H 1
| #define HAVE_STRINGS_H 1
| #define HAVE_INTTYPES_H 1
| #define HAVE_STDINT_H 1
| #define HAVE_UNISTD_H 1
| #define HAVE_DLFCN_H 1
| #define LT_OBJDIR ".libs/"
| #define HAVE_STRCASECMP 1
| #define STDC_HEADERS 1
| #define HAVE_STDLIB_H 1
| #define HAVE_STRING_H 1
| #define HAVE_UNISTD_H 1
| #define HAVE_STDDEF_H 1
| #define HAVE_STDBOOL_H 1
| #define HAVE_DECL_FREAD_UNLOCKED 1
| #define HAVE_DECL_FWRITE_UNLOCKED 1
| #define HAVE_DECL_FGETC_UNLOCKED 1
| #define HAVE_DECL_FPUTC_UNLOCKED 1
| #define HAVE_DECL_FPUTS_UNLOCKED 1
| #define HAVE_DECL_GETOPT_LONG 0
| #define HAVE_DECL_FGETWC_UNLOCKED 0
| #define HAVE_DECL_FPUTWC_UNLOCKED 0
| /* end confdefs.h.  */
| #include <stdio.h>
| #ifdef HAVE_SYS_TYPES_H
| # include <sys/types.h>
| #endif
| #ifdef HAVE_SYS_STAT_H
| # include <sys/stat.h>
| #endif
| #ifdef STDC_HEADERS
| # include <stdlib.h>
| # include <stddef.h>
| #else
| # ifdef HAVE_STDLIB_H
| #  include <stdlib.h>
| # endif
| #endif
| #ifdef HAVE_STRING_H
| # if !defined STDC_HEADERS && defined HAVE_MEMORY_H
| #  include <memory.h>
| # endif
| # include <string.h>
| #endif
| #ifdef HAVE_STRINGS_H
| # include <strings.h>
| #endif
| #ifdef HAVE_INTTYPES_H
| # include <inttypes.h>
| #endif
| #ifdef HAVE_STDINT_H
| # include <stdint.h>
| #endif
| #ifdef HAVE_UNISTD_H
| # include <unistd.h>
| #endif
| int
| main ()
| {
| #ifndef fgetws_unlocked
| #ifdef __cplusplus
|   (void) fgetws_unlocked;
| #else
|   (void) fgetws_unlocked;
| #endif
| #endif
| 
|   ;
|   return 0;
| }
configure:16962: result: no
configure:16972: checking whether fputws_unlocked is declared
configure:16972: g++ -c  -Wall -ansi -march=i686 -O3                 -fomit-frame-pointer -funroll-loops  -I/usr/local/include/lttoolbox-3.3 -I/usr/local/lib/lttoolbox-3.3/include -I/usr/include/libxml2  conftest.cpp >&5
conftest.cpp: In function 'int main()':
conftest.cpp:75:10: error: 'fputws_unlocked' was not declared in this scope
   (void) fputws_unlocked;
          ^
configure:16972: $? = 1
configure: failed program was:
| /* confdefs.h */
| #define PACKAGE_NAME "apertium"
| #define PACKAGE_TARNAME "apertium"
| #define PACKAGE_VERSION "3.4.0"
| #define PACKAGE_STRING "apertium 3.4.0"
| #define PACKAGE_BUGREPORT "sortiz@users.sourceforge.net"
| #define PACKAGE_URL ""
| #define STDC_HEADERS 1
| #define HAVE_SYS_TYPES_H 1
| #define HAVE_SYS_STAT_H 1
| #define HAVE_STDLIB_H 1
| #define HAVE_STRING_H 1
| #define HAVE_MEMORY_H 1
| #define HAVE_STRINGS_H 1
| #define HAVE_INTTYPES_H 1
| #define HAVE_STDINT_H 1
| #define HAVE_UNISTD_H 1
| #define HAVE_DLFCN_H 1
| #define LT_OBJDIR ".libs/"
| #define HAVE_STRCASECMP 1
| #define STDC_HEADERS 1
| #define HAVE_STDLIB_H 1
| #define HAVE_STRING_H 1
| #define HAVE_UNISTD_H 1
| #define HAVE_STDDEF_H 1
| #define HAVE_STDBOOL_H 1
| #define HAVE_DECL_FREAD_UNLOCKED 1
| #define HAVE_DECL_FWRITE_UNLOCKED 1
| #define HAVE_DECL_FGETC_UNLOCKED 1
| #define HAVE_DECL_FPUTC_UNLOCKED 1
| #define HAVE_DECL_FPUTS_UNLOCKED 1
| #define HAVE_DECL_GETOPT_LONG 0
| #define HAVE_DECL_FGETWC_UNLOCKED 0
| #define HAVE_DECL_FPUTWC_UNLOCKED 0
| #define HAVE_DECL_FGETWS_UNLOCKED 0
| /* end confdefs.h.  */
| #include <stdio.h>
| #ifdef HAVE_SYS_TYPES_H
| # include <sys/types.h>
| #endif
| #ifdef HAVE_SYS_STAT_H
| # include <sys/stat.h>
| #endif
| #ifdef STDC_HEADERS
| # include <stdlib.h>
| # include <stddef.h>
| #else
| # ifdef HAVE_STDLIB_H
| #  include <stdlib.h>
| # endif
| #endif
| #ifdef HAVE_STRING_H
| # if !defined STDC_HEADERS && defined HAVE_MEMORY_H
| #  include <memory.h>
| # endif
| # include <string.h>
| #endif
| #ifdef HAVE_STRINGS_H
| # include <strings.h>
| #endif
| #ifdef HAVE_INTTYPES_H
| # include <inttypes.h>
| #endif
| #ifdef HAVE_STDINT_H
| # include <stdint.h>
| #endif
| #ifdef HAVE_UNISTD_H
| # include <unistd.h>
| #endif
| int
| main ()
| {
| #ifndef fputws_unlocked
| #ifdef __cplusplus
|   (void) fputws_unlocked;
| #else
|   (void) fputws_unlocked;
| #endif
| #endif
| 
|   ;
|   return 0;
| }
configure:16972: result: no
configure:16987: checking for setlocale
configure:16987: g++ -o conftest  -Wall -ansi -march=i686 -O3                 -fomit-frame-pointer -funroll-loops  -I/usr/local/include/lttoolbox-3.3 -I/usr/local/lib/lttoolbox-3.3/include -I/usr/include/libxml2   conftest.cpp  -lpcreposix -lpcre -lpcrecpp -L/usr/local/lib -llttoolbox3 -lxml2 -lpcre  >&5
configure:16987: $? = 0
configure:16987: result: yes
configure:16987: checking for strdup
configure:16987: g++ -o conftest  -Wall -ansi -march=i686 -O3                 -fomit-frame-pointer -funroll-loops  -I/usr/local/include/lttoolbox-3.3 -I/usr/local/lib/lttoolbox-3.3/include -I/usr/include/libxml2   conftest.cpp  -lpcreposix -lpcre -lpcrecpp -L/usr/local/lib -llttoolbox3 -lxml2 -lpcre  >&5
configure:16987: $? = 0
configure:16987: result: yes
configure:16987: checking for getopt_long
configure:16987: g++ -o conftest  -Wall -ansi -march=i686 -O3                 -fomit-frame-pointer -funroll-loops  -I/usr/local/include/lttoolbox-3.3 -I/usr/local/lib/lttoolbox-3.3/include -I/usr/include/libxml2   conftest.cpp  -lpcreposix -lpcre -lpcrecpp -L/usr/local/lib -llttoolbox3 -lxml2 -lpcre  >&5
configure:16987: $? = 0
configure:16987: result: yes
configure:16987: checking for snprintf
configure:16987: g++ -o conftest  -Wall -ansi -march=i686 -O3                 -fomit-frame-pointer -funroll-loops  -I/usr/local/include/lttoolbox-3.3 -I/usr/local/lib/lttoolbox-3.3/include -I/usr/include/libxml2   conftest.cpp  -lpcreposix -lpcre -lpcrecpp -L/usr/local/lib -llttoolbox3 -lxml2 -lpcre  >&5
configure:16987: $? = 0
configure:16987: result: yes
configure:17121: checking that generated files are newer than configure
configure:17127: result: done
configure:17149: checking that generated files are newer than configure
configure:17155: result: done
configure:17167: creating ./config.status

## ---------------------- ##
## Running config.status. ##
## ---------------------- ##

This file was extended by apertium config.status 3.4.0, which was
generated by GNU Autoconf 2.69.  Invocation command line was

  CONFIG_FILES    = 
  CONFIG_HEADERS  = 
  CONFIG_LINKS    = 
  CONFIG_COMMANDS = 
  $ ./config.status 

on apvb

config.status:1185: creating Makefile
config.status:1185: creating apertium.pc
config.status:1185: creating apertium/Makefile
config.status:1185: creating apertium/apertium_config.h
config.status:1366: apertium/apertium_config.h is unchanged
config.status:1414: executing depfiles commands
config.status:1414: executing libtool commands

## ---------------- ##
## Cache variables. ##
## ---------------- ##

ac_cv_build=i686-pc-linux-gnu
ac_cv_c_bigendian=no
ac_cv_c_compiler_gnu=yes
ac_cv_c_const=yes
ac_cv_cxx_compiler_gnu=yes
ac_cv_cxx_wstring=yes
ac_cv_env_APERTIUM_CFLAGS_set=
ac_cv_env_APERTIUM_CFLAGS_value=
ac_cv_env_APERTIUM_LIBS_set=
ac_cv_env_APERTIUM_LIBS_value=
ac_cv_env_CCC_set=
ac_cv_env_CCC_value=
ac_cv_env_CC_set=
ac_cv_env_CC_value=
ac_cv_env_CFLAGS_set=
ac_cv_env_CFLAGS_value=
ac_cv_env_CPPFLAGS_set=
ac_cv_env_CPPFLAGS_value=
ac_cv_env_CPP_set=
ac_cv_env_CPP_value=
ac_cv_env_CXXCPP_set=
ac_cv_env_CXXCPP_value=
ac_cv_env_CXXFLAGS_set=
ac_cv_env_CXXFLAGS_value=
ac_cv_env_CXX_set=
ac_cv_env_CXX_value=
ac_cv_env_LDFLAGS_set=
ac_cv_env_LDFLAGS_value=
ac_cv_env_LIBS_set=
ac_cv_env_LIBS_value=
ac_cv_env_PKG_CONFIG_LIBDIR_set=
ac_cv_env_PKG_CONFIG_LIBDIR_value=
ac_cv_env_PKG_CONFIG_PATH_set=set
ac_cv_env_PKG_CONFIG_PATH_value=/usr/local/lib/pkgconfig:/usr/local/share/pkgconfig:/usr/local/lib/pkgconfig
ac_cv_env_PKG_CONFIG_set=
ac_cv_env_PKG_CONFIG_value=
ac_cv_env_build_alias_set=
ac_cv_env_build_alias_value=
ac_cv_env_host_alias_set=
ac_cv_env_host_alias_value=
ac_cv_env_target_alias_set=
ac_cv_env_target_alias_value=
ac_cv_func_getopt_long=yes
ac_cv_func_setlocale=yes
ac_cv_func_snprintf=yes
ac_cv_func_strcasecmp=yes
ac_cv_func_strdup=yes
ac_cv_have_decl_fgetc_unlocked=yes
ac_cv_have_decl_fgetwc_unlocked=no
ac_cv_have_decl_fgetws_unlocked=no
ac_cv_have_decl_fputc_unlocked=yes
ac_cv_have_decl_fputs_unlocked=yes
ac_cv_have_decl_fputwc_unlocked=no
ac_cv_have_decl_fputws_unlocked=no
ac_cv_have_decl_fread_unlocked=yes
ac_cv_have_decl_fwrite_unlocked=yes
ac_cv_have_decl_getopt_long=no
ac_cv_header_dlfcn_h=yes
ac_cv_header_inttypes_h=yes
ac_cv_header_memory_h=yes
ac_cv_header_pcrecpp_h=yes
ac_cv_header_pcreposix_h=yes
ac_cv_header_stdbool_h=yes
ac_cv_header_stdc=yes
ac_cv_header_stddef_h=yes
ac_cv_header_stdint_h=yes
ac_cv_header_stdlib_h=yes
ac_cv_header_string_h=yes
ac_cv_header_strings_h=yes
ac_cv_header_sys_stat_h=yes
ac_cv_header_sys_types_h=yes
ac_cv_header_unistd_h=yes
ac_cv_host=i686-pc-linux-gnu
ac_cv_lib_error_at_line=yes
ac_cv_lib_pcre_pcre_fullinfo=yes
ac_cv_lib_pcrecpp_pcre_compile=yes
ac_cv_objext=o
ac_cv_path_BASH=/bin/bash
ac_cv_path_EGREP='/bin/grep -E'
ac_cv_path_FGREP='/bin/grep -F'
ac_cv_path_FLEX=/usr/bin/flex
ac_cv_path_GREP=/bin/grep
ac_cv_path_PKG_CONFIG=/usr/bin/pkg-config
ac_cv_path_SED=/bin/sed
ac_cv_path_XMLLINT=/usr/bin/xmllint
ac_cv_path_XSLTPROC=/usr/bin/xsltproc
ac_cv_path_install='/usr/bin/install -c'
ac_cv_path_mkdir=/bin/mkdir
ac_cv_prog_AWK=gawk
ac_cv_prog_CPP='gcc -E'
ac_cv_prog_CXXCPP='g++ -E'
ac_cv_prog_ac_ct_AR=ar
ac_cv_prog_ac_ct_CC=gcc
ac_cv_prog_ac_ct_CXX=g++
ac_cv_prog_ac_ct_MANIFEST_TOOL=mt
ac_cv_prog_ac_ct_OBJDUMP=objdump
ac_cv_prog_ac_ct_RANLIB=ranlib
ac_cv_prog_ac_ct_STRIP=strip
ac_cv_prog_cc_c89=
ac_cv_prog_cc_g=yes
ac_cv_prog_cxx_g=yes
ac_cv_prog_make_make_set=yes
ac_cv_target=i686-pc-linux-gnu
ac_cv_type__Bool=no
ac_cv_type_size_t=yes
am_cv_CC_dependencies_compiler_type=gcc3
am_cv_CXX_dependencies_compiler_type=gcc3
am_cv_make_support_nested_variables=yes
am_cv_prog_cc_c_o=yes
lt_cv_ar_at_file=@
lt_cv_archive_cmds_need_lc=no
lt_cv_deplibs_check_method=pass_all
lt_cv_file_magic_cmd='$MAGIC_CMD'
lt_cv_file_magic_test_file=
lt_cv_ld_reload_flag=-r
lt_cv_nm_interface='BSD nm'
lt_cv_objdir=.libs
lt_cv_path_LD=/usr/bin/ld
lt_cv_path_LDCXX=/usr/bin/ld
lt_cv_path_NM='/usr/bin/nm -B'
lt_cv_path_mainfest_tool=no
lt_cv_prog_compiler_c_o=yes
lt_cv_prog_compiler_c_o_CXX=yes
lt_cv_prog_compiler_pic='-fPIC -DPIC'
lt_cv_prog_compiler_pic_CXX='-fPIC -DPIC'
lt_cv_prog_compiler_pic_works=yes
lt_cv_prog_compiler_pic_works_CXX=yes
lt_cv_prog_compiler_rtti_exceptions=no
lt_cv_prog_compiler_static_works=yes
lt_cv_prog_compiler_static_works_CXX=yes
lt_cv_prog_gnu_ld=yes
lt_cv_prog_gnu_ldcxx=yes
lt_cv_sharedlib_from_linklib_cmd='printf %s\n'
lt_cv_shlibpath_overrides_runpath=no
lt_cv_sys_global_symbol_pipe='sed -n -e '\''s/^.*[	 ]\([ABCDGIRSTW][ABCDGIRSTW]*\)[	 ][	 ]*\([_A-Za-z][_A-Za-z0-9]*\)$/\1 \2 \2/p'\'' | sed '\''/ __gnu_lto/d'\'''
lt_cv_sys_global_symbol_to_c_name_address='sed -n -e '\''s/^: \([^ ]*\)[ ]*$/  {\"\1\", (void *) 0},/p'\'' -e '\''s/^[ABCDGIRSTW]* \([^ ]*\) \([^ ]*\)$/  {"\2", (void *) \&\2},/p'\'''
lt_cv_sys_global_symbol_to_c_name_address_lib_prefix='sed -n -e '\''s/^: \([^ ]*\)[ ]*$/  {\"\1\", (void *) 0},/p'\'' -e '\''s/^[ABCDGIRSTW]* \([^ ]*\) \(lib[^ ]*\)$/  {"\2", (void *) \&\2},/p'\'' -e '\''s/^[ABCDGIRSTW]* \([^ ]*\) \([^ ]*\)$/  {"lib\2", (void *) \&\2},/p'\'''
lt_cv_sys_global_symbol_to_cdecl='sed -n -e '\''s/^T .* \(.*\)$/extern int \1();/p'\'' -e '\''s/^[ABCDGIRSTW]* .* \(.*\)$/extern char \1;/p'\'''
lt_cv_sys_max_cmd_len=1572864
lt_cv_to_host_file_cmd=func_convert_file_noop
lt_cv_to_tool_file_cmd=func_convert_file_noop
pkg_cv_APERTIUM_CFLAGS='-I/usr/local/include/lttoolbox-3.3 -I/usr/local/lib/lttoolbox-3.3/include -I/usr/include/libxml2 '
pkg_cv_APERTIUM_LIBS='-L/usr/local/lib -llttoolbox3 -lxml2 -lpcre '

## ----------------- ##
## Output variables. ##
## ----------------- ##

ACLOCAL='${SHELL} /home/apertium/apertium-testing/apertium/missing aclocal-1.14'
AMDEPBACKSLASH='\'
AMDEP_FALSE='#'
AMDEP_TRUE=''
AMTAR='$${TAR-tar}'
AM_BACKSLASH='\'
AM_DEFAULT_V='$(AM_DEFAULT_VERBOSITY)'
AM_DEFAULT_VERBOSITY='1'
AM_V='$(V)'
APERTIUM_CFLAGS='-I/usr/local/include/lttoolbox-3.3 -I/usr/local/lib/lttoolbox-3.3/include -I/usr/include/libxml2 '
APERTIUM_LIBS='-L/usr/local/lib -llttoolbox3 -lxml2 -lpcre '
AR='ar'
AUTOCONF='${SHELL} /home/apertium/apertium-testing/apertium/missing autoconf'
AUTOHEADER='${SHELL} /home/apertium/apertium-testing/apertium/missing autoheader'
AUTOMAKE='${SHELL} /home/apertium/apertium-testing/apertium/missing automake-1.14'
AWK='gawk'
BASH='/bin/bash'
CC='gcc'
CCDEPMODE='depmode=gcc3'
CFLAGS=' -Wall -ansi -march=i686 -O3 -fomit-frame-pointer -funroll-loops'
CPP='gcc -E'
CPPFLAGS=' -I/usr/local/include/lttoolbox-3.3 -I/usr/local/lib/lttoolbox-3.3/include -I/usr/include/libxml2 '
CXX='g++'
CXXCPP='g++ -E'
CXXDEPMODE='depmode=gcc3'
CXXFLAGS=' -Wall -ansi -march=i686 -O3                 -fomit-frame-pointer -funroll-loops'
CYGPATH_W='echo'
DEFS='-DHAVE_CONFIG_H'
DEPDIR='.deps'
DLLTOOL='false'
DSYMUTIL=''
DUMPBIN=''
ECHO_C=''
ECHO_N='-n'
ECHO_T=''
EGREP='/bin/grep -E'
EXEEXT=''
FGREP='/bin/grep -F'
FLEX='/usr/bin/flex'
GENERIC_API_VERSION='3.4'
GENERIC_LIBRARY_NAME='apertium'
GENERIC_LIBRARY_VERSION='0:0:0'
GENERIC_MAJOR_VERSION='3'
GENERIC_RELEASE='3.4'
GENERIC_VERSION='3.4.0'
GREP='/bin/grep'
INSTALL_DATA='${INSTALL} -m 644'
INSTALL_PROGRAM='${INSTALL}'
INSTALL_SCRIPT='${INSTALL}'
INSTALL_STRIP_PROGRAM='$(install_sh) -c -s'
LD='/usr/bin/ld'
LDFLAGS=''
LIBOBJS=''
LIBS=' -lpcreposix -lpcre -lpcrecpp -L/usr/local/lib -llttoolbox3 -lxml2 -lpcre '
LIBTOOL='$(SHELL) $(top_builddir)/libtool'
LIPO=''
LN_S='ln -s'
LTLIBOBJS=''
MAKEINFO='${SHELL} /home/apertium/apertium-testing/apertium/missing makeinfo'
MANIFEST_TOOL=':'
MKDIR_P='/bin/mkdir -p'
NM='/usr/bin/nm -B'
NMEDIT=''
OBJDUMP='objdump'
OBJEXT='o'
OTOOL64=''
OTOOL=''
PACKAGE='apertium'
PACKAGE_BUGREPORT='sortiz@users.sourceforge.net'
PACKAGE_NAME='apertium'
PACKAGE_STRING='apertium 3.4.0'
PACKAGE_TARNAME='apertium'
PACKAGE_URL=''
PACKAGE_VERSION='3.4.0'
PATH_SEPARATOR=':'
PKG_CONFIG='/usr/bin/pkg-config'
PKG_CONFIG_LIBDIR=''
PKG_CONFIG_PATH='/usr/local/lib/pkgconfig:/usr/local/share/pkgconfig:/usr/local/lib/pkgconfig'
RANLIB='ranlib'
SED='/bin/sed'
SET_MAKE=''
SHELL='/bin/bash'
STRIP='strip'
VERSION='3.4.0'
WINDOWS_FALSE=''
WINDOWS_TRUE='#'
XMLLINT='/usr/bin/xmllint'
XSLTPROC='/usr/bin/xsltproc'
ac_ct_AR='ar'
ac_ct_CC='gcc'
ac_ct_CXX='g++'
ac_ct_DUMPBIN=''
am__EXEEXT_FALSE=''
am__EXEEXT_TRUE='#'
am__fastdepCC_FALSE='#'
am__fastdepCC_TRUE=''
am__fastdepCXX_FALSE='#'
am__fastdepCXX_TRUE=''
am__include='include'
am__isrc=''
am__leading_dot='.'
am__nodep='_no'
am__quote=''
am__tar='$${TAR-tar} chof - "$$tardir"'
am__untar='$${TAR-tar} xf -'
bindir='${exec_prefix}/bin'
build='i686-pc-linux-gnu'
build_alias=''
build_cpu='i686'
build_os='linux-gnu'
build_vendor='pc'
datadir='${datarootdir}'
datarootdir='${prefix}/share'
docdir='${datarootdir}/doc/${PACKAGE_TARNAME}'
dvidir='${docdir}'
exec_prefix='${prefix}'
host='i686-pc-linux-gnu'
host_alias=''
host_cpu='i686'
host_os='linux-gnu'
host_vendor='pc'
htmldir='${docdir}'
includedir='${prefix}/include'
infodir='${datarootdir}/info'
install_sh='${SHELL} /home/apertium/apertium-testing/apertium/install-sh'
libdir='${exec_prefix}/lib'
libexecdir='${exec_prefix}/libexec'
localedir='${datarootdir}/locale'
localstatedir='${prefix}/var'
mandir='${datarootdir}/man'
mkdir_p='$(MKDIR_P)'
oldincludedir='/usr/include'
pdfdir='${docdir}'
prefix='/usr/local'
program_transform_name='s,x,x,'
psdir='${docdir}'
sbindir='${exec_prefix}/sbin'
sharedstatedir='${prefix}/com'
sysconfdir='${prefix}/etc'
target='i686-pc-linux-gnu'
target_alias=''
target_cpu='i686'
target_os='linux-gnu'
target_vendor='pc'

## ----------- ##
## confdefs.h. ##
## ----------- ##

/* confdefs.h */
#define PACKAGE_NAME "apertium"
#define PACKAGE_TARNAME "apertium"
#define PACKAGE_VERSION "3.4.0"
#define PACKAGE_STRING "apertium 3.4.0"
#define PACKAGE_BUGREPORT "sortiz@users.sourceforge.net"
#define PACKAGE_URL ""
#define STDC_HEADERS 1
#define HAVE_SYS_TYPES_H 1
#define HAVE_SYS_STAT_H 1
#define HAVE_STDLIB_H 1
#define HAVE_STRING_H 1
#define HAVE_MEMORY_H 1
#define HAVE_STRINGS_H 1
#define HAVE_INTTYPES_H 1
#define HAVE_STDINT_H 1
#define HAVE_UNISTD_H 1
#define HAVE_DLFCN_H 1
#define LT_OBJDIR ".libs/"
#define HAVE_STRCASECMP 1
#define STDC_HEADERS 1
#define HAVE_STDLIB_H 1
#define HAVE_STRING_H 1
#define HAVE_UNISTD_H 1
#define HAVE_STDDEF_H 1
#define HAVE_STDBOOL_H 1
#define HAVE_DECL_FREAD_UNLOCKED 1
#define HAVE_DECL_FWRITE_UNLOCKED 1
#define HAVE_DECL_FGETC_UNLOCKED 1
#define HAVE_DECL_FPUTC_UNLOCKED 1
#define HAVE_DECL_FPUTS_UNLOCKED 1
#define HAVE_DECL_GETOPT_LONG 0
#define HAVE_DECL_FGETWC_UNLOCKED 0
#define HAVE_DECL_FPUTWC_UNLOCKED 0
#define HAVE_DECL_FGETWS_UNLOCKED 0
#define HAVE_DECL_FPUTWS_UNLOCKED 0
#define HAVE_SETLOCALE 1
#define HAVE_STRDUP 1
#define HAVE_GETOPT_LONG 1
#define HAVE_SNPRINTF 1

configure: exit 0
